12:09:08 **** Build of configuration Debug for project cv05 ****
make -j4 all 
arm-none-eabi-gcc "../Drivers/STM32F0xx_HAL_Driver/Src/stm32f0xx_hal.c" -mcpu=cortex-m0 -std=gnu11 -g3 -DDEBUG -DUSE_HAL_DRIVER -DSTM32F030x8 -c -I../Core/Inc -I../Drivers/STM32F0xx_HAL_Driver/Inc -I../Drivers/STM32F0xx_HAL_Driver/Inc/Legacy -I../Drivers/CMSIS/Device/ST/STM32F0xx/Include -I../Drivers/CMSIS/Include -O0 -ffunction-sections -fdata-sections -Wall -fstack-usage -MMD -MP -MF"Drivers/STM32F0xx_HAL_Driver/Src/stm32f0xx_hal.d" -MT"Drivers/STM32F0xx_HAL_Driver/Src/stm32f0xx_hal.o" --specs=nano.specs -mfloat-abi=soft -mthumb -o "Drivers/STM32F0xx_HAL_Driver/Src/stm32f0xx_hal.o"
arm-none-eabi-gcc "../Drivers/STM32F0xx_HAL_Driver/Src/stm32f0xx_hal_cortex.c" -mcpu=cortex-m0 -std=gnu11 -g3 -DDEBUG -DUSE_HAL_DRIVER -DSTM32F030x8 -c -I../Core/Inc -I../Drivers/STM32F0xx_HAL_Driver/Inc -I../Drivers/STM32F0xx_HAL_Driver/Inc/Legacy -I../Drivers/CMSIS/Device/ST/STM32F0xx/Include -I../Drivers/CMSIS/Include -O0 -ffunction-sections -fdata-sections -Wall -fstack-usage -MMD -MP -MF"Drivers/STM32F0xx_HAL_Driver/Src/stm32f0xx_hal_cortex.d" -MT"Drivers/STM32F0xx_HAL_Driver/Src/stm32f0xx_hal_cortex.o" --specs=nano.specs -mfloat-abi=soft -mthumb -o "Drivers/STM32F0xx_HAL_Driver/Src/stm32f0xx_hal_cortex.o"
arm-none-eabi-gcc "../Drivers/STM32F0xx_HAL_Driver/Src/stm32f0xx_hal_dma.c" -mcpu=cortex-m0 -std=gnu11 -g3 -DDEBUG -DUSE_HAL_DRIVER -DSTM32F030x8 -c -I../Core/Inc -I../Drivers/STM32F0xx_HAL_Driver/Inc -I../Drivers/STM32F0xx_HAL_Driver/Inc/Legacy -I../Drivers/CMSIS/Device/ST/STM32F0xx/Include -I../Drivers/CMSIS/Include -O0 -ffunction-sections -fdata-sections -Wall -fstack-usage -MMD -MP -MF"Drivers/STM32F0xx_HAL_Driver/Src/stm32f0xx_hal_dma.d" -MT"Drivers/STM32F0xx_HAL_Driver/Src/stm32f0xx_hal_dma.o" --specs=nano.specs -mfloat-abi=soft -mthumb -o "Drivers/STM32F0xx_HAL_Driver/Src/stm32f0xx_hal_dma.o"
arm-none-eabi-gcc "../Drivers/STM32F0xx_HAL_Driver/Src/stm32f0xx_hal_exti.c" -mcpu=cortex-m0 -std=gnu11 -g3 -DDEBUG -DUSE_HAL_DRIVER -DSTM32F030x8 -c -I../Core/Inc -I../Drivers/STM32F0xx_HAL_Driver/Inc -I../Drivers/STM32F0xx_HAL_Driver/Inc/Legacy -I../Drivers/CMSIS/Device/ST/STM32F0xx/Include -I../Drivers/CMSIS/Include -O0 -ffunction-sections -fdata-sections -Wall -fstack-usage -MMD -MP -MF"Drivers/STM32F0xx_HAL_Driver/Src/stm32f0xx_hal_exti.d" -MT"Drivers/STM32F0xx_HAL_Driver/Src/stm32f0xx_hal_exti.o" --specs=nano.specs -mfloat-abi=soft -mthumb -o "Drivers/STM32F0xx_HAL_Driver/Src/stm32f0xx_hal_exti.o"
arm-none-eabi-gcc "../Drivers/STM32F0xx_HAL_Driver/Src/stm32f0xx_hal_flash.c" -mcpu=cortex-m0 -std=gnu11 -g3 -DDEBUG -DUSE_HAL_DRIVER -DSTM32F030x8 -c -I../Core/Inc -I../Drivers/STM32F0xx_HAL_Driver/Inc -I../Drivers/STM32F0xx_HAL_Driver/Inc/Legacy -I../Drivers/CMSIS/Device/ST/STM32F0xx/Include -I../Drivers/CMSIS/Include -O0 -ffunction-sections -fdata-sections -Wall -fstack-usage -MMD -MP -MF"Drivers/STM32F0xx_HAL_Driver/Src/stm32f0xx_hal_flash.d" -MT"Drivers/STM32F0xx_HAL_Driver/Src/stm32f0xx_hal_flash.o" --specs=nano.specs -mfloat-abi=soft -mthumb -o "Drivers/STM32F0xx_HAL_Driver/Src/stm32f0xx_hal_flash.o"
arm-none-eabi-gcc "../Drivers/STM32F0xx_HAL_Driver/Src/stm32f0xx_hal_flash_ex.c" -mcpu=cortex-m0 -std=gnu11 -g3 -DDEBUG -DUSE_HAL_DRIVER -DSTM32F030x8 -c -I../Core/Inc -I../Drivers/STM32F0xx_HAL_Driver/Inc -I../Drivers/STM32F0xx_HAL_Driver/Inc/Legacy -I../Drivers/CMSIS/Device/ST/STM32F0xx/Include -I../Drivers/CMSIS/Include -O0 -ffunction-sections -fdata-sections -Wall -fstack-usage -MMD -MP -MF"Drivers/STM32F0xx_HAL_Driver/Src/stm32f0xx_hal_flash_ex.d" -MT"Drivers/STM32F0xx_HAL_Driver/Src/stm32f0xx_hal_flash_ex.o" --specs=nano.specs -mfloat-abi=soft -mthumb -o "Drivers/STM32F0xx_HAL_Driver/Src/stm32f0xx_hal_flash_ex.o"
arm-none-eabi-gcc "../Drivers/STM32F0xx_HAL_Driver/Src/stm32f0xx_hal_gpio.c" -mcpu=cortex-m0 -std=gnu11 -g3 -DDEBUG -DUSE_HAL_DRIVER -DSTM32F030x8 -c -I../Core/Inc -I../Drivers/STM32F0xx_HAL_Driver/Inc -I../Drivers/STM32F0xx_HAL_Driver/Inc/Legacy -I../Drivers/CMSIS/Device/ST/STM32F0xx/Include -I../Drivers/CMSIS/Include -O0 -ffunction-sections -fdata-sections -Wall -fstack-usage -MMD -MP -MF"Drivers/STM32F0xx_HAL_Driver/Src/stm32f0xx_hal_gpio.d" -MT"Drivers/STM32F0xx_HAL_Driver/Src/stm32f0xx_hal_gpio.o" --specs=nano.specs -mfloat-abi=soft -mthumb -o "Drivers/STM32F0xx_HAL_Driver/Src/stm32f0xx_hal_gpio.o"
arm-none-eabi-gcc "../Drivers/STM32F0xx_HAL_Driver/Src/stm32f0xx_hal_i2c.c" -mcpu=cortex-m0 -std=gnu11 -g3 -DDEBUG -DUSE_HAL_DRIVER -DSTM32F030x8 -c -I../Core/Inc -I../Drivers/STM32F0xx_HAL_Driver/Inc -I../Drivers/STM32F0xx_HAL_Driver/Inc/Legacy -I../Drivers/CMSIS/Device/ST/STM32F0xx/Include -I../Drivers/CMSIS/Include -O0 -ffunction-sections -fdata-sections -Wall -fstack-usage -MMD -MP -MF"Drivers/STM32F0xx_HAL_Driver/Src/stm32f0xx_hal_i2c.d" -MT"Drivers/STM32F0xx_HAL_Driver/Src/stm32f0xx_hal_i2c.o" --specs=nano.specs -mfloat-abi=soft -mthumb -o "Drivers/STM32F0xx_HAL_Driver/Src/stm32f0xx_hal_i2c.o"
arm-none-eabi-gcc "../Drivers/STM32F0xx_HAL_Driver/Src/stm32f0xx_hal_i2c_ex.c" -mcpu=cortex-m0 -std=gnu11 -g3 -DDEBUG -DUSE_HAL_DRIVER -DSTM32F030x8 -c -I../Core/Inc -I../Drivers/STM32F0xx_HAL_Driver/Inc -I../Drivers/STM32F0xx_HAL_Driver/Inc/Legacy -I../Drivers/CMSIS/Device/ST/STM32F0xx/Include -I../Drivers/CMSIS/Include -O0 -ffunction-sections -fdata-sections -Wall -fstack-usage -MMD -MP -MF"Drivers/STM32F0xx_HAL_Driver/Src/stm32f0xx_hal_i2c_ex.d" -MT"Drivers/STM32F0xx_HAL_Driver/Src/stm32f0xx_hal_i2c_ex.o" --specs=nano.specs -mfloat-abi=soft -mthumb -o "Drivers/STM32F0xx_HAL_Driver/Src/stm32f0xx_hal_i2c_ex.o"
arm-none-eabi-gcc "../Drivers/STM32F0xx_HAL_Driver/Src/stm32f0xx_hal_pwr.c" -mcpu=cortex-m0 -std=gnu11 -g3 -DDEBUG -DUSE_HAL_DRIVER -DSTM32F030x8 -c -I../Core/Inc -I../Drivers/STM32F0xx_HAL_Driver/Inc -I../Drivers/STM32F0xx_HAL_Driver/Inc/Legacy -I../Drivers/CMSIS/Device/ST/STM32F0xx/Include -I../Drivers/CMSIS/Include -O0 -ffunction-sections -fdata-sections -Wall -fstack-usage -MMD -MP -MF"Drivers/STM32F0xx_HAL_Driver/Src/stm32f0xx_hal_pwr.d" -MT"Drivers/STM32F0xx_HAL_Driver/Src/stm32f0xx_hal_pwr.o" --specs=nano.specs -mfloat-abi=soft -mthumb -o "Drivers/STM32F0xx_HAL_Driver/Src/stm32f0xx_hal_pwr.o"
arm-none-eabi-gcc "../Drivers/STM32F0xx_HAL_Driver/Src/stm32f0xx_hal_pwr_ex.c" -mcpu=cortex-m0 -std=gnu11 -g3 -DDEBUG -DUSE_HAL_DRIVER -DSTM32F030x8 -c -I../Core/Inc -I../Drivers/STM32F0xx_HAL_Driver/Inc -I../Drivers/STM32F0xx_HAL_Driver/Inc/Legacy -I../Drivers/CMSIS/Device/ST/STM32F0xx/Include -I../Drivers/CMSIS/Include -O0 -ffunction-sections -fdata-sections -Wall -fstack-usage -MMD -MP -MF"Drivers/STM32F0xx_HAL_Driver/Src/stm32f0xx_hal_pwr_ex.d" -MT"Drivers/STM32F0xx_HAL_Driver/Src/stm32f0xx_hal_pwr_ex.o" --specs=nano.specs -mfloat-abi=soft -mthumb -o "Drivers/STM32F0xx_HAL_Driver/Src/stm32f0xx_hal_pwr_ex.o"
arm-none-eabi-gcc "../Drivers/STM32F0xx_HAL_Driver/Src/stm32f0xx_hal_rcc.c" -mcpu=cortex-m0 -std=gnu11 -g3 -DDEBUG -DUSE_HAL_DRIVER -DSTM32F030x8 -c -I../Core/Inc -I../Drivers/STM32F0xx_HAL_Driver/Inc -I../Drivers/STM32F0xx_HAL_Driver/Inc/Legacy -I../Drivers/CMSIS/Device/ST/STM32F0xx/Include -I../Drivers/CMSIS/Include -O0 -ffunction-sections -fdata-sections -Wall -fstack-usage -MMD -MP -MF"Drivers/STM32F0xx_HAL_Driver/Src/stm32f0xx_hal_rcc.d" -MT"Drivers/STM32F0xx_HAL_Driver/Src/stm32f0xx_hal_rcc.o" --specs=nano.specs -mfloat-abi=soft -mthumb -o "Drivers/STM32F0xx_HAL_Driver/Src/stm32f0xx_hal_rcc.o"
arm-none-eabi-gcc "../Drivers/STM32F0xx_HAL_Driver/Src/stm32f0xx_hal_rcc_ex.c" -mcpu=cortex-m0 -std=gnu11 -g3 -DDEBUG -DUSE_HAL_DRIVER -DSTM32F030x8 -c -I../Core/Inc -I../Drivers/STM32F0xx_HAL_Driver/Inc -I../Drivers/STM32F0xx_HAL_Driver/Inc/Legacy -I../Drivers/CMSIS/Device/ST/STM32F0xx/Include -I../Drivers/CMSIS/Include -O0 -ffunction-sections -fdata-sections -Wall -fstack-usage -MMD -MP -MF"Drivers/STM32F0xx_HAL_Driver/Src/stm32f0xx_hal_rcc_ex.d" -MT"Drivers/STM32F0xx_HAL_Driver/Src/stm32f0xx_hal_rcc_ex.o" --specs=nano.specs -mfloat-abi=soft -mthumb -o "Drivers/STM32F0xx_HAL_Driver/Src/stm32f0xx_hal_rcc_ex.o"
arm-none-eabi-gcc "../Drivers/STM32F0xx_HAL_Driver/Src/stm32f0xx_hal_tim.c" -mcpu=cortex-m0 -std=gnu11 -g3 -DDEBUG -DUSE_HAL_DRIVER -DSTM32F030x8 -c -I../Core/Inc -I../Drivers/STM32F0xx_HAL_Driver/Inc -I../Drivers/STM32F0xx_HAL_Driver/Inc/Legacy -I../Drivers/CMSIS/Device/ST/STM32F0xx/Include -I../Drivers/CMSIS/Include -O0 -ffunction-sections -fdata-sections -Wall -fstack-usage -MMD -MP -MF"Drivers/STM32F0xx_HAL_Driver/Src/stm32f0xx_hal_tim.d" -MT"Drivers/STM32F0xx_HAL_Driver/Src/stm32f0xx_hal_tim.o" --specs=nano.specs -mfloat-abi=soft -mthumb -o "Drivers/STM32F0xx_HAL_Driver/Src/stm32f0xx_hal_tim.o"
arm-none-eabi-gcc "../Drivers/STM32F0xx_HAL_Driver/Src/stm32f0xx_hal_tim_ex.c" -mcpu=cortex-m0 -std=gnu11 -g3 -DDEBUG -DUSE_HAL_DRIVER -DSTM32F030x8 -c -I../Core/Inc -I../Drivers/STM32F0xx_HAL_Driver/Inc -I../Drivers/STM32F0xx_HAL_Driver/Inc/Legacy -I../Drivers/CMSIS/Device/ST/STM32F0xx/Include -I../Drivers/CMSIS/Include -O0 -ffunction-sections -fdata-sections -Wall -fstack-usage -MMD -MP -MF"Drivers/STM32F0xx_HAL_Driver/Src/stm32f0xx_hal_tim_ex.d" -MT"Drivers/STM32F0xx_HAL_Driver/Src/stm32f0xx_hal_tim_ex.o" --specs=nano.specs -mfloat-abi=soft -mthumb -o "Drivers/STM32F0xx_HAL_Driver/Src/stm32f0xx_hal_tim_ex.o"
arm-none-eabi-gcc "../Drivers/STM32F0xx_HAL_Driver/Src/stm32f0xx_hal_uart.c" -mcpu=cortex-m0 -std=gnu11 -g3 -DDEBUG -DUSE_HAL_DRIVER -DSTM32F030x8 -c -I../Core/Inc -I../Drivers/STM32F0xx_HAL_Driver/Inc -I../Drivers/STM32F0xx_HAL_Driver/Inc/Legacy -I../Drivers/CMSIS/Device/ST/STM32F0xx/Include -I../Drivers/CMSIS/Include -O0 -ffunction-sections -fdata-sections -Wall -fstack-usage -MMD -MP -MF"Drivers/STM32F0xx_HAL_Driver/Src/stm32f0xx_hal_uart.d" -MT"Drivers/STM32F0xx_HAL_Driver/Src/stm32f0xx_hal_uart.o" --specs=nano.specs -mfloat-abi=soft -mthumb -o "Drivers/STM32F0xx_HAL_Driver/Src/stm32f0xx_hal_uart.o"
arm-none-eabi-gcc "../Drivers/STM32F0xx_HAL_Driver/Src/stm32f0xx_hal_uart_ex.c" -mcpu=cortex-m0 -std=gnu11 -g3 -DDEBUG -DUSE_HAL_DRIVER -DSTM32F030x8 -c -I../Core/Inc -I../Drivers/STM32F0xx_HAL_Driver/Inc -I../Drivers/STM32F0xx_HAL_Driver/Inc/Legacy -I../Drivers/CMSIS/Device/ST/STM32F0xx/Include -I../Drivers/CMSIS/Include -O0 -ffunction-sections -fdata-sections -Wall -fstack-usage -MMD -MP -MF"Drivers/STM32F0xx_HAL_Driver/Src/stm32f0xx_hal_uart_ex.d" -MT"Drivers/STM32F0xx_HAL_Driver/Src/stm32f0xx_hal_uart_ex.o" --specs=nano.specs -mfloat-abi=soft -mthumb -o "Drivers/STM32F0xx_HAL_Driver/Src/stm32f0xx_hal_uart_ex.o"
arm-none-eabi-gcc -mcpu=cortex-m0 -g3 -DDEBUG -c -x assembler-with-cpp -MMD -MP -MF"Core/Startup/startup_stm32f030r8tx.d" -MT"Core/Startup/startup_stm32f030r8tx.o" --specs=nano.specs -mfloat-abi=soft -mthumb -o "Core/Startup/startup_stm32f030r8tx.o" "../Core/Startup/startup_stm32f030r8tx.s"
arm-none-eabi-gcc "../Core/Src/main.c" -mcpu=cortex-m0 -std=gnu11 -g3 -DDEBUG -DUSE_HAL_DRIVER -DSTM32F030x8 -c -I../Core/Inc -I../Drivers/STM32F0xx_HAL_Driver/Inc -I../Drivers/STM32F0xx_HAL_Driver/Inc/Legacy -I../Drivers/CMSIS/Device/ST/STM32F0xx/Include -I../Drivers/CMSIS/Include -O0 -ffunction-sections -fdata-sections -Wall -fstack-usage -MMD -MP -MF"Core/Src/main.d" -MT"Core/Src/main.o" --specs=nano.specs -mfloat-abi=soft -mthumb -o "Core/Src/main.o"
arm-none-eabi-gcc "../Core/Src/stm32f0xx_hal_msp.c" -mcpu=cortex-m0 -std=gnu11 -g3 -DDEBUG -DUSE_HAL_DRIVER -DSTM32F030x8 -c -I../Core/Inc -I../Drivers/STM32F0xx_HAL_Driver/Inc -I../Drivers/STM32F0xx_HAL_Driver/Inc/Legacy -I../Drivers/CMSIS/Device/ST/STM32F0xx/Include -I../Drivers/CMSIS/Include -O0 -ffunction-sections -fdata-sections -Wall -fstack-usage -MMD -MP -MF"Core/Src/stm32f0xx_hal_msp.d" -MT"Core/Src/stm32f0xx_hal_msp.o" --specs=nano.specs -mfloat-abi=soft -mthumb -o "Core/Src/stm32f0xx_hal_msp.o"
arm-none-eabi-gcc "../Core/Src/stm32f0xx_it.c" -mcpu=cortex-m0 -std=gnu11 -g3 -DDEBUG -DUSE_HAL_DRIVER -DSTM32F030x8 -c -I../Core/Inc -I../Drivers/STM32F0xx_HAL_Driver/Inc -I../Drivers/STM32F0xx_HAL_Driver/Inc/Legacy -I../Drivers/CMSIS/Device/ST/STM32F0xx/Include -I../Drivers/CMSIS/Include -O0 -ffunction-sections -fdata-sections -Wall -fstack-usage -MMD -MP -MF"Core/Src/stm32f0xx_it.d" -MT"Core/Src/stm32f0xx_it.o" --specs=nano.specs -mfloat-abi=soft -mthumb -o "Core/Src/stm32f0xx_it.o"
arm-none-eabi-gcc "../Core/Src/syscalls.c" -mcpu=cortex-m0 -std=gnu11 -g3 -DDEBUG -DUSE_HAL_DRIVER -DSTM32F030x8 -c -I../Core/Inc -I../Drivers/STM32F0xx_HAL_Driver/Inc -I../Drivers/STM32F0xx_HAL_Driver/Inc/Legacy -I../Drivers/CMSIS/Device/ST/STM32F0xx/Include -I../Drivers/CMSIS/Include -O0 -ffunction-sections -fdata-sections -Wall -fstack-usage -MMD -MP -MF"Core/Src/syscalls.d" -MT"Core/Src/syscalls.o" --specs=nano.specs -mfloat-abi=soft -mthumb -o "Core/Src/syscalls.o"
arm-none-eabi-gcc "../Core/Src/sysmem.c" -mcpu=cortex-m0 -std=gnu11 -g3 -DDEBUG -DUSE_HAL_DRIVER -DSTM32F030x8 -c -I../Core/Inc -I../Drivers/STM32F0xx_HAL_Driver/Inc -I../Drivers/STM32F0xx_HAL_Driver/Inc/Legacy -I../Drivers/CMSIS/Device/ST/STM32F0xx/Include -I../Drivers/CMSIS/Include -O0 -ffunction-sections -fdata-sections -Wall -fstack-usage -MMD -MP -MF"Core/Src/sysmem.d" -MT"Core/Src/sysmem.o" --specs=nano.specs -mfloat-abi=soft -mthumb -o "Core/Src/sysmem.o"
arm-none-eabi-gcc "../Core/Src/system_stm32f0xx.c" -mcpu=cortex-m0 -std=gnu11 -g3 -DDEBUG -DUSE_HAL_DRIVER -DSTM32F030x8 -c -I../Core/Inc -I../Drivers/STM32F0xx_HAL_Driver/Inc -I../Drivers/STM32F0xx_HAL_Driver/Inc/Legacy -I../Drivers/CMSIS/Device/ST/STM32F0xx/Include -I../Drivers/CMSIS/Include -O0 -ffunction-sections -fdata-sections -Wall -fstack-usage -MMD -MP -MF"Core/Src/system_stm32f0xx.d" -MT"Core/Src/system_stm32f0xx.o" --specs=nano.specs -mfloat-abi=soft -mthumb -o "Core/Src/system_stm32f0xx.o"
arm-none-eabi-gcc -o "cv05.elf" @"objects.list"   -mcpu=cortex-m0 -T"C:\Temp\221056\5 25.10\cv05\STM32F030R8TX_FLASH.ld" --specs=nosys.specs -Wl,-Map="cv05.map" -Wl,--gc-sections -static --specs=nano.specs -mfloat-abi=soft -mthumb -Wl,--start-group -lc -lm -Wl,--end-group
Finished building target: cv05.elf
 
arm-none-eabi-size   cv05.elf 
arm-none-eabi-objdump -h -S  cv05.elf  > "cv05.list"
   text	   data	    bss	    dec	    hex	filename
   6892	     20	   1700	   8612	   21a4	cv05.elf
Finished building: default.size.stdout
 
Finished building: cv05.list
 
12:09:19 **** Incremental Build of configuration Debug for project cv05 ****
make -j4 all 
arm-none-eabi-gcc "../Core/Src/main.c" -mcpu=cortex-m0 -std=gnu11 -g3 -DDEBUG -DUSE_HAL_DRIVER -DSTM32F030x8 -c -I../Core/Inc -I../Drivers/STM32F0xx_HAL_Driver/Inc -I../Drivers/STM32F0xx_HAL_Driver/Inc/Legacy -I../Drivers/CMSIS/Device/ST/STM32F0xx/Include -I../Drivers/CMSIS/Include -O0 -ffunction-sections -fdata-sections -Wall -fstack-usage -MMD -MP -MF"Core/Src/main.d" -MT"Core/Src/main.o" --specs=nano.specs -mfloat-abi=soft -mthumb -o "Core/Src/main.o"
arm-none-eabi-gcc -o "cv05.elf" @"objects.list"   -mcpu=cortex-m0 -T"C:\Temp\221056\5 25.10\cv05\STM32F030R8TX_FLASH.ld" --specs=nosys.specs -Wl,-Map="cv05.map" -Wl,--gc-sections -static --specs=nano.specs -mfloat-abi=soft -mthumb -Wl,--start-group -lc -lm -Wl,--end-group
Finished building target: cv05.elf
 
arm-none-eabi-size   cv05.elf 
arm-none-eabi-objdump -h -S  cv05.elf  > "cv05.list"
   text	   data	    bss	    dec	    hex	filename
   7704	     20	   1700	   9424	   24d0	cv05.elf
Finished building: default.size.stdout
 
Finished building: cv05.list
 
12:10:40 **** Incremental Build of configuration Debug for project cv05 ****
make -j4 all 
arm-none-eabi-size   cv05.elf 
   text	   data	    bss	    dec	    hex	filename
   7704	     20	   1700	   9424	   24d0	cv05.elf
Finished building: default.size.stdout
 
12:10:43 **** Incremental Build of configuration Debug for project cv05 ****
make -j4 all 
arm-none-eabi-size   cv05.elf 
   text	   data	    bss	    dec	    hex	filename
   7704	     20	   1700	   9424	   24d0	cv05.elf
Finished building: default.size.stdout
 
12:20:22 **** Incremental Build of configuration Debug for project cv05 ****
make -j4 all 
arm-none-eabi-gcc "../Drivers/STM32F0xx_HAL_Driver/Src/stm32f0xx_hal.c" -mcpu=cortex-m0 -std=gnu11 -g3 -DDEBUG -DUSE_HAL_DRIVER -DSTM32F030x8 -c -I../Core/Inc -I../Drivers/STM32F0xx_HAL_Driver/Inc -I../Drivers/STM32F0xx_HAL_Driver/Inc/Legacy -I../Drivers/CMSIS/Device/ST/STM32F0xx/Include -I../Drivers/CMSIS/Include -O0 -ffunction-sections -fdata-sections -Wall -fstack-usage -MMD -MP -MF"Drivers/STM32F0xx_HAL_Driver/Src/stm32f0xx_hal.d" -MT"Drivers/STM32F0xx_HAL_Driver/Src/stm32f0xx_hal.o" --specs=nano.specs -mfloat-abi=soft -mthumb -o "Drivers/STM32F0xx_HAL_Driver/Src/stm32f0xx_hal.o"
arm-none-eabi-gcc "../Drivers/STM32F0xx_HAL_Driver/Src/stm32f0xx_hal_cortex.c" -mcpu=cortex-m0 -std=gnu11 -g3 -DDEBUG -DUSE_HAL_DRIVER -DSTM32F030x8 -c -I../Core/Inc -I../Drivers/STM32F0xx_HAL_Driver/Inc -I../Drivers/STM32F0xx_HAL_Driver/Inc/Legacy -I../Drivers/CMSIS/Device/ST/STM32F0xx/Include -I../Drivers/CMSIS/Include -O0 -ffunction-sections -fdata-sections -Wall -fstack-usage -MMD -MP -MF"Drivers/STM32F0xx_HAL_Driver/Src/stm32f0xx_hal_cortex.d" -MT"Drivers/STM32F0xx_HAL_Driver/Src/stm32f0xx_hal_cortex.o" --specs=nano.specs -mfloat-abi=soft -mthumb -o "Drivers/STM32F0xx_HAL_Driver/Src/stm32f0xx_hal_cortex.o"
arm-none-eabi-gcc "../Drivers/STM32F0xx_HAL_Driver/Src/stm32f0xx_hal_dma.c" -mcpu=cortex-m0 -std=gnu11 -g3 -DDEBUG -DUSE_HAL_DRIVER -DSTM32F030x8 -c -I../Core/Inc -I../Drivers/STM32F0xx_HAL_Driver/Inc -I../Drivers/STM32F0xx_HAL_Driver/Inc/Legacy -I../Drivers/CMSIS/Device/ST/STM32F0xx/Include -I../Drivers/CMSIS/Include -O0 -ffunction-sections -fdata-sections -Wall -fstack-usage -MMD -MP -MF"Drivers/STM32F0xx_HAL_Driver/Src/stm32f0xx_hal_dma.d" -MT"Drivers/STM32F0xx_HAL_Driver/Src/stm32f0xx_hal_dma.o" --specs=nano.specs -mfloat-abi=soft -mthumb -o "Drivers/STM32F0xx_HAL_Driver/Src/stm32f0xx_hal_dma.o"
arm-none-eabi-gcc "../Drivers/STM32F0xx_HAL_Driver/Src/stm32f0xx_hal_exti.c" -mcpu=cortex-m0 -std=gnu11 -g3 -DDEBUG -DUSE_HAL_DRIVER -DSTM32F030x8 -c -I../Core/Inc -I../Drivers/STM32F0xx_HAL_Driver/Inc -I../Drivers/STM32F0xx_HAL_Driver/Inc/Legacy -I../Drivers/CMSIS/Device/ST/STM32F0xx/Include -I../Drivers/CMSIS/Include -O0 -ffunction-sections -fdata-sections -Wall -fstack-usage -MMD -MP -MF"Drivers/STM32F0xx_HAL_Driver/Src/stm32f0xx_hal_exti.d" -MT"Drivers/STM32F0xx_HAL_Driver/Src/stm32f0xx_hal_exti.o" --specs=nano.specs -mfloat-abi=soft -mthumb -o "Drivers/STM32F0xx_HAL_Driver/Src/stm32f0xx_hal_exti.o"
arm-none-eabi-gcc "../Drivers/STM32F0xx_HAL_Driver/Src/stm32f0xx_hal_flash.c" -mcpu=cortex-m0 -std=gnu11 -g3 -DDEBUG -DUSE_HAL_DRIVER -DSTM32F030x8 -c -I../Core/Inc -I../Drivers/STM32F0xx_HAL_Driver/Inc -I../Drivers/STM32F0xx_HAL_Driver/Inc/Legacy -I../Drivers/CMSIS/Device/ST/STM32F0xx/Include -I../Drivers/CMSIS/Include -O0 -ffunction-sections -fdata-sections -Wall -fstack-usage -MMD -MP -MF"Drivers/STM32F0xx_HAL_Driver/Src/stm32f0xx_hal_flash.d" -MT"Drivers/STM32F0xx_HAL_Driver/Src/stm32f0xx_hal_flash.o" --specs=nano.specs -mfloat-abi=soft -mthumb -o "Drivers/STM32F0xx_HAL_Driver/Src/stm32f0xx_hal_flash.o"
arm-none-eabi-gcc "../Drivers/STM32F0xx_HAL_Driver/Src/stm32f0xx_hal_flash_ex.c" -mcpu=cortex-m0 -std=gnu11 -g3 -DDEBUG -DUSE_HAL_DRIVER -DSTM32F030x8 -c -I../Core/Inc -I../Drivers/STM32F0xx_HAL_Driver/Inc -I../Drivers/STM32F0xx_HAL_Driver/Inc/Legacy -I../Drivers/CMSIS/Device/ST/STM32F0xx/Include -I../Drivers/CMSIS/Include -O0 -ffunction-sections -fdata-sections -Wall -fstack-usage -MMD -MP -MF"Drivers/STM32F0xx_HAL_Driver/Src/stm32f0xx_hal_flash_ex.d" -MT"Drivers/STM32F0xx_HAL_Driver/Src/stm32f0xx_hal_flash_ex.o" --specs=nano.specs -mfloat-abi=soft -mthumb -o "Drivers/STM32F0xx_HAL_Driver/Src/stm32f0xx_hal_flash_ex.o"
arm-none-eabi-gcc "../Drivers/STM32F0xx_HAL_Driver/Src/stm32f0xx_hal_gpio.c" -mcpu=cortex-m0 -std=gnu11 -g3 -DDEBUG -DUSE_HAL_DRIVER -DSTM32F030x8 -c -I../Core/Inc -I../Drivers/STM32F0xx_HAL_Driver/Inc -I../Drivers/STM32F0xx_HAL_Driver/Inc/Legacy -I../Drivers/CMSIS/Device/ST/STM32F0xx/Include -I../Drivers/CMSIS/Include -O0 -ffunction-sections -fdata-sections -Wall -fstack-usage -MMD -MP -MF"Drivers/STM32F0xx_HAL_Driver/Src/stm32f0xx_hal_gpio.d" -MT"Drivers/STM32F0xx_HAL_Driver/Src/stm32f0xx_hal_gpio.o" --specs=nano.specs -mfloat-abi=soft -mthumb -o "Drivers/STM32F0xx_HAL_Driver/Src/stm32f0xx_hal_gpio.o"
arm-none-eabi-gcc "../Drivers/STM32F0xx_HAL_Driver/Src/stm32f0xx_hal_i2c.c" -mcpu=cortex-m0 -std=gnu11 -g3 -DDEBUG -DUSE_HAL_DRIVER -DSTM32F030x8 -c -I../Core/Inc -I../Drivers/STM32F0xx_HAL_Driver/Inc -I../Drivers/STM32F0xx_HAL_Driver/Inc/Legacy -I../Drivers/CMSIS/Device/ST/STM32F0xx/Include -I../Drivers/CMSIS/Include -O0 -ffunction-sections -fdata-sections -Wall -fstack-usage -MMD -MP -MF"Drivers/STM32F0xx_HAL_Driver/Src/stm32f0xx_hal_i2c.d" -MT"Drivers/STM32F0xx_HAL_Driver/Src/stm32f0xx_hal_i2c.o" --specs=nano.specs -mfloat-abi=soft -mthumb -o "Drivers/STM32F0xx_HAL_Driver/Src/stm32f0xx_hal_i2c.o"
arm-none-eabi-gcc "../Drivers/STM32F0xx_HAL_Driver/Src/stm32f0xx_hal_i2c_ex.c" -mcpu=cortex-m0 -std=gnu11 -g3 -DDEBUG -DUSE_HAL_DRIVER -DSTM32F030x8 -c -I../Core/Inc -I../Drivers/STM32F0xx_HAL_Driver/Inc -I../Drivers/STM32F0xx_HAL_Driver/Inc/Legacy -I../Drivers/CMSIS/Device/ST/STM32F0xx/Include -I../Drivers/CMSIS/Include -O0 -ffunction-sections -fdata-sections -Wall -fstack-usage -MMD -MP -MF"Drivers/STM32F0xx_HAL_Driver/Src/stm32f0xx_hal_i2c_ex.d" -MT"Drivers/STM32F0xx_HAL_Driver/Src/stm32f0xx_hal_i2c_ex.o" --specs=nano.specs -mfloat-abi=soft -mthumb -o "Drivers/STM32F0xx_HAL_Driver/Src/stm32f0xx_hal_i2c_ex.o"
arm-none-eabi-gcc "../Drivers/STM32F0xx_HAL_Driver/Src/stm32f0xx_hal_pwr.c" -mcpu=cortex-m0 -std=gnu11 -g3 -DDEBUG -DUSE_HAL_DRIVER -DSTM32F030x8 -c -I../Core/Inc -I../Drivers/STM32F0xx_HAL_Driver/Inc -I../Drivers/STM32F0xx_HAL_Driver/Inc/Legacy -I../Drivers/CMSIS/Device/ST/STM32F0xx/Include -I../Drivers/CMSIS/Include -O0 -ffunction-sections -fdata-sections -Wall -fstack-usage -MMD -MP -MF"Drivers/STM32F0xx_HAL_Driver/Src/stm32f0xx_hal_pwr.d" -MT"Drivers/STM32F0xx_HAL_Driver/Src/stm32f0xx_hal_pwr.o" --specs=nano.specs -mfloat-abi=soft -mthumb -o "Drivers/STM32F0xx_HAL_Driver/Src/stm32f0xx_hal_pwr.o"
arm-none-eabi-gcc "../Drivers/STM32F0xx_HAL_Driver/Src/stm32f0xx_hal_pwr_ex.c" -mcpu=cortex-m0 -std=gnu11 -g3 -DDEBUG -DUSE_HAL_DRIVER -DSTM32F030x8 -c -I../Core/Inc -I../Drivers/STM32F0xx_HAL_Driver/Inc -I../Drivers/STM32F0xx_HAL_Driver/Inc/Legacy -I../Drivers/CMSIS/Device/ST/STM32F0xx/Include -I../Drivers/CMSIS/Include -O0 -ffunction-sections -fdata-sections -Wall -fstack-usage -MMD -MP -MF"Drivers/STM32F0xx_HAL_Driver/Src/stm32f0xx_hal_pwr_ex.d" -MT"Drivers/STM32F0xx_HAL_Driver/Src/stm32f0xx_hal_pwr_ex.o" --specs=nano.specs -mfloat-abi=soft -mthumb -o "Drivers/STM32F0xx_HAL_Driver/Src/stm32f0xx_hal_pwr_ex.o"
arm-none-eabi-gcc "../Drivers/STM32F0xx_HAL_Driver/Src/stm32f0xx_hal_rcc.c" -mcpu=cortex-m0 -std=gnu11 -g3 -DDEBUG -DUSE_HAL_DRIVER -DSTM32F030x8 -c -I../Core/Inc -I../Drivers/STM32F0xx_HAL_Driver/Inc -I../Drivers/STM32F0xx_HAL_Driver/Inc/Legacy -I../Drivers/CMSIS/Device/ST/STM32F0xx/Include -I../Drivers/CMSIS/Include -O0 -ffunction-sections -fdata-sections -Wall -fstack-usage -MMD -MP -MF"Drivers/STM32F0xx_HAL_Driver/Src/stm32f0xx_hal_rcc.d" -MT"Drivers/STM32F0xx_HAL_Driver/Src/stm32f0xx_hal_rcc.o" --specs=nano.specs -mfloat-abi=soft -mthumb -o "Drivers/STM32F0xx_HAL_Driver/Src/stm32f0xx_hal_rcc.o"
arm-none-eabi-gcc "../Drivers/STM32F0xx_HAL_Driver/Src/stm32f0xx_hal_rcc_ex.c" -mcpu=cortex-m0 -std=gnu11 -g3 -DDEBUG -DUSE_HAL_DRIVER -DSTM32F030x8 -c -I../Core/Inc -I../Drivers/STM32F0xx_HAL_Driver/Inc -I../Drivers/STM32F0xx_HAL_Driver/Inc/Legacy -I../Drivers/CMSIS/Device/ST/STM32F0xx/Include -I../Drivers/CMSIS/Include -O0 -ffunction-sections -fdata-sections -Wall -fstack-usage -MMD -MP -MF"Drivers/STM32F0xx_HAL_Driver/Src/stm32f0xx_hal_rcc_ex.d" -MT"Drivers/STM32F0xx_HAL_Driver/Src/stm32f0xx_hal_rcc_ex.o" --specs=nano.specs -mfloat-abi=soft -mthumb -o "Drivers/STM32F0xx_HAL_Driver/Src/stm32f0xx_hal_rcc_ex.o"
arm-none-eabi-gcc "../Drivers/STM32F0xx_HAL_Driver/Src/stm32f0xx_hal_tim.c" -mcpu=cortex-m0 -std=gnu11 -g3 -DDEBUG -DUSE_HAL_DRIVER -DSTM32F030x8 -c -I../Core/Inc -I../Drivers/STM32F0xx_HAL_Driver/Inc -I../Drivers/STM32F0xx_HAL_Driver/Inc/Legacy -I../Drivers/CMSIS/Device/ST/STM32F0xx/Include -I../Drivers/CMSIS/Include -O0 -ffunction-sections -fdata-sections -Wall -fstack-usage -MMD -MP -MF"Drivers/STM32F0xx_HAL_Driver/Src/stm32f0xx_hal_tim.d" -MT"Drivers/STM32F0xx_HAL_Driver/Src/stm32f0xx_hal_tim.o" --specs=nano.specs -mfloat-abi=soft -mthumb -o "Drivers/STM32F0xx_HAL_Driver/Src/stm32f0xx_hal_tim.o"
arm-none-eabi-gcc "../Drivers/STM32F0xx_HAL_Driver/Src/stm32f0xx_hal_tim_ex.c" -mcpu=cortex-m0 -std=gnu11 -g3 -DDEBUG -DUSE_HAL_DRIVER -DSTM32F030x8 -c -I../Core/Inc -I../Drivers/STM32F0xx_HAL_Driver/Inc -I../Drivers/STM32F0xx_HAL_Driver/Inc/Legacy -I../Drivers/CMSIS/Device/ST/STM32F0xx/Include -I../Drivers/CMSIS/Include -O0 -ffunction-sections -fdata-sections -Wall -fstack-usage -MMD -MP -MF"Drivers/STM32F0xx_HAL_Driver/Src/stm32f0xx_hal_tim_ex.d" -MT"Drivers/STM32F0xx_HAL_Driver/Src/stm32f0xx_hal_tim_ex.o" --specs=nano.specs -mfloat-abi=soft -mthumb -o "Drivers/STM32F0xx_HAL_Driver/Src/stm32f0xx_hal_tim_ex.o"
arm-none-eabi-gcc "../Drivers/STM32F0xx_HAL_Driver/Src/stm32f0xx_hal_uart.c" -mcpu=cortex-m0 -std=gnu11 -g3 -DDEBUG -DUSE_HAL_DRIVER -DSTM32F030x8 -c -I../Core/Inc -I../Drivers/STM32F0xx_HAL_Driver/Inc -I../Drivers/STM32F0xx_HAL_Driver/Inc/Legacy -I../Drivers/CMSIS/Device/ST/STM32F0xx/Include -I../Drivers/CMSIS/Include -O0 -ffunction-sections -fdata-sections -Wall -fstack-usage -MMD -MP -MF"Drivers/STM32F0xx_HAL_Driver/Src/stm32f0xx_hal_uart.d" -MT"Drivers/STM32F0xx_HAL_Driver/Src/stm32f0xx_hal_uart.o" --specs=nano.specs -mfloat-abi=soft -mthumb -o "Drivers/STM32F0xx_HAL_Driver/Src/stm32f0xx_hal_uart.o"
arm-none-eabi-gcc "../Drivers/STM32F0xx_HAL_Driver/Src/stm32f0xx_hal_uart_ex.c" -mcpu=cortex-m0 -std=gnu11 -g3 -DDEBUG -DUSE_HAL_DRIVER -DSTM32F030x8 -c -I../Core/Inc -I../Drivers/STM32F0xx_HAL_Driver/Inc -I../Drivers/STM32F0xx_HAL_Driver/Inc/Legacy -I../Drivers/CMSIS/Device/ST/STM32F0xx/Include -I../Drivers/CMSIS/Include -O0 -ffunction-sections -fdata-sections -Wall -fstack-usage -MMD -MP -MF"Drivers/STM32F0xx_HAL_Driver/Src/stm32f0xx_hal_uart_ex.d" -MT"Drivers/STM32F0xx_HAL_Driver/Src/stm32f0xx_hal_uart_ex.o" --specs=nano.specs -mfloat-abi=soft -mthumb -o "Drivers/STM32F0xx_HAL_Driver/Src/stm32f0xx_hal_uart_ex.o"
arm-none-eabi-gcc "../Core/Src/main.c" -mcpu=cortex-m0 -std=gnu11 -g3 -DDEBUG -DUSE_HAL_DRIVER -DSTM32F030x8 -c -I../Core/Inc -I../Drivers/STM32F0xx_HAL_Driver/Inc -I../Drivers/STM32F0xx_HAL_Driver/Inc/Legacy -I../Drivers/CMSIS/Device/ST/STM32F0xx/Include -I../Drivers/CMSIS/Include -O0 -ffunction-sections -fdata-sections -Wall -fstack-usage -MMD -MP -MF"Core/Src/main.d" -MT"Core/Src/main.o" --specs=nano.specs -mfloat-abi=soft -mthumb -o "Core/Src/main.o"
../Core/Src/main.c: In function 'uart_byte_available':
../Core/Src/main.c:28:27: error: expected ']' before ';' token
   28 | #define CMD_BUFFER_LEN 256;
      |                           ^
../Core/Src/main.c:69:19: note: in expansion of macro 'CMD_BUFFER_LEN'
   69 |  static char data[CMD_BUFFER_LEN];
      |                   ^~~~~~~~~~~~~~
../Core/Src/main.c:28:27: error: expected ')' before ';' token
   28 | #define CMD_BUFFER_LEN 256;
      |                           ^
../Core/Src/main.c:70:12: note: in expansion of macro 'CMD_BUFFER_LEN'
   70 |  if (cnt < CMD_BUFFER_LEN && c >= 32 && c <= 126) data[cnt++] = c;
      |            ^~~~~~~~~~~~~~
../Core/Src/main.c:70:5: note: to match this '('
   70 |  if (cnt < CMD_BUFFER_LEN && c >= 32 && c <= 126) data[cnt++] = c;
      |     ^
../Core/Src/main.c:70:51: error: 'data' undeclared (first use in this function)
   70 |  if (cnt < CMD_BUFFER_LEN && c >= 32 && c <= 126) data[cnt++] = c;
      |                                                   ^~~~
../Core/Src/main.c:70:51: note: each undeclared identifier is reported only once for each function it appears in
../Core/Src/main.c:73:3: warning: implicit declaration of function 'uart_process_command' [-Wimplicit-function-declaration]
   73 |   uart_process_command(data);
      |   ^~~~~~~~~~~~~~~~~~~~
arm-none-eabi-gcc "../Core/Src/stm32f0xx_hal_msp.c" -mcpu=cortex-m0 -std=gnu11 -g3 -DDEBUG -DUSE_HAL_DRIVER -DSTM32F030x8 -c -I../Core/Inc -I../Drivers/STM32F0xx_HAL_Driver/Inc -I../Drivers/STM32F0xx_HAL_Driver/Inc/Legacy -I../Drivers/CMSIS/Device/ST/STM32F0xx/Include -I../Drivers/CMSIS/Include -O0 -ffunction-sections -fdata-sections -Wall -fstack-usage -MMD -MP -MF"Core/Src/stm32f0xx_hal_msp.d" -MT"Core/Src/stm32f0xx_hal_msp.o" --specs=nano.specs -mfloat-abi=soft -mthumb -o "Core/Src/stm32f0xx_hal_msp.o"
make: *** [Core/Src/subdir.mk:34: Core/Src/main.o] Error 1
make: *** Waiting for unfinished jobs....
"make -j4 all" terminated with exit code 2. Build might be incomplete.
12:22:26 **** Incremental Build of configuration Debug for project cv05 ****
make -j4 all 
arm-none-eabi-gcc "../Core/Src/main.c" -mcpu=cortex-m0 -std=gnu11 -g3 -DDEBUG -DUSE_HAL_DRIVER -DSTM32F030x8 -c -I../Core/Inc -I../Drivers/STM32F0xx_HAL_Driver/Inc -I../Drivers/STM32F0xx_HAL_Driver/Inc/Legacy -I../Drivers/CMSIS/Device/ST/STM32F0xx/Include -I../Drivers/CMSIS/Include -O0 -ffunction-sections -fdata-sections -Wall -fstack-usage -MMD -MP -MF"Core/Src/main.d" -MT"Core/Src/main.o" --specs=nano.specs -mfloat-abi=soft -mthumb -o "Core/Src/main.o"
arm-none-eabi-gcc "../Core/Src/stm32f0xx_it.c" -mcpu=cortex-m0 -std=gnu11 -g3 -DDEBUG -DUSE_HAL_DRIVER -DSTM32F030x8 -c -I../Core/Inc -I../Drivers/STM32F0xx_HAL_Driver/Inc -I../Drivers/STM32F0xx_HAL_Driver/Inc/Legacy -I../Drivers/CMSIS/Device/ST/STM32F0xx/Include -I../Drivers/CMSIS/Include -O0 -ffunction-sections -fdata-sections -Wall -fstack-usage -MMD -MP -MF"Core/Src/stm32f0xx_it.d" -MT"Core/Src/stm32f0xx_it.o" --specs=nano.specs -mfloat-abi=soft -mthumb -o "Core/Src/stm32f0xx_it.o"
arm-none-eabi-gcc "../Core/Src/system_stm32f0xx.c" -mcpu=cortex-m0 -std=gnu11 -g3 -DDEBUG -DUSE_HAL_DRIVER -DSTM32F030x8 -c -I../Core/Inc -I../Drivers/STM32F0xx_HAL_Driver/Inc -I../Drivers/STM32F0xx_HAL_Driver/Inc/Legacy -I../Drivers/CMSIS/Device/ST/STM32F0xx/Include -I../Drivers/CMSIS/Include -O0 -ffunction-sections -fdata-sections -Wall -fstack-usage -MMD -MP -MF"Core/Src/system_stm32f0xx.d" -MT"Core/Src/system_stm32f0xx.o" --specs=nano.specs -mfloat-abi=soft -mthumb -o "Core/Src/system_stm32f0xx.o"
../Core/Src/main.c: In function 'uart_byte_available':
../Core/Src/main.c:28:27: error: expected ']' before ';' token
   28 | #define CMD_BUFFER_LEN 256;
      |                           ^
../Core/Src/main.c:69:19: note: in expansion of macro 'CMD_BUFFER_LEN'
   69 |  static char data[CMD_BUFFER_LEN];
      |                   ^~~~~~~~~~~~~~
../Core/Src/main.c:28:27: error: expected ')' before ';' token
   28 | #define CMD_BUFFER_LEN 256;
      |                           ^
../Core/Src/main.c:70:12: note: in expansion of macro 'CMD_BUFFER_LEN'
   70 |  if (cnt < CMD_BUFFER_LEN && c >= 32 && c <= 126) data[cnt++] = c;
      |            ^~~~~~~~~~~~~~
../Core/Src/main.c:70:5: note: to match this '('
   70 |  if (cnt < CMD_BUFFER_LEN && c >= 32 && c <= 126) data[cnt++] = c;
      |     ^
../Core/Src/main.c:70:51: error: 'data' undeclared (first use in this function)
   70 |  if (cnt < CMD_BUFFER_LEN && c >= 32 && c <= 126) data[cnt++] = c;
      |                                                   ^~~~
../Core/Src/main.c:70:51: note: each undeclared identifier is reported only once for each function it appears in
../Core/Src/main.c:73:3: warning: implicit declaration of function 'uart_process_command' [-Wimplicit-function-declaration]
   73 |   uart_process_command(data);
      |   ^~~~~~~~~~~~~~~~~~~~
../Core/Src/main.c: In function 'main':
../Core/Src/main.c:27:75: error: expected ')' before ';' token
   27 | #define uart_rx_write_ptr (RX_BUFFER_LEN - hdma_usart2_rx.Instance->CNDTR);
      |                                                                           ^
../Core/Src/main.c:127:30: note: in expansion of macro 'uart_rx_write_ptr'
  127 |   while (uart_rx_read_ptr != uart_rx_write_ptr) {
      |                              ^~~~~~~~~~~~~~~~~
../Core/Src/main.c:127:9: note: to match this '('
  127 |   while (uart_rx_read_ptr != uart_rx_write_ptr) {
      |         ^
make: *** [Core/Src/subdir.mk:34: Core/Src/main.o] Error 1
make: *** Waiting for unfinished jobs....
"make -j4 all" terminated with exit code 2. Build might be incomplete.
12:23:23 **** Incremental Build of configuration Debug for project cv05 ****
make -j4 all 
arm-none-eabi-gcc "../Core/Src/main.c" -mcpu=cortex-m0 -std=gnu11 -g3 -DDEBUG -DUSE_HAL_DRIVER -DSTM32F030x8 -c -I../Core/Inc -I../Drivers/STM32F0xx_HAL_Driver/Inc -I../Drivers/STM32F0xx_HAL_Driver/Inc/Legacy -I../Drivers/CMSIS/Device/ST/STM32F0xx/Include -I../Drivers/CMSIS/Include -O0 -ffunction-sections -fdata-sections -Wall -fstack-usage -MMD -MP -MF"Core/Src/main.d" -MT"Core/Src/main.o" --specs=nano.specs -mfloat-abi=soft -mthumb -o "Core/Src/main.o"
../Core/Src/main.c: In function 'uart_byte_available':
../Core/Src/main.c:74:3: warning: implicit declaration of function 'uart_process_command' [-Wimplicit-function-declaration]
   74 |   uart_process_command(data);
      |   ^~~~~~~~~~~~~~~~~~~~
arm-none-eabi-gcc -o "cv05.elf" @"objects.list"   -mcpu=cortex-m0 -T"C:\Temp\221056\5 25.10\cv05\STM32F030R8TX_FLASH.ld" --specs=nosys.specs -Wl,-Map="cv05.map" -Wl,--gc-sections -static --specs=nano.specs -mfloat-abi=soft -mthumb -Wl,--start-group -lc -lm -Wl,--end-group
c:\appz\st\stm32cubeide_1.10.1\stm32cubeide\plugins\com.st.stm32cube.ide.mcu.externaltools.gnu-tools-for-stm32.10.3-2021.10.win32_1.0.0.202111181127\tools\arm-none-eabi\bin\ld.exe: ./Core/Src/main.o: in function `uart_byte_available':
C:/Temp/221056/5 25.10/cv05/Debug/../Core/Src/main.c:74: undefined reference to `uart_process_command'
collect2.exe: error: ld returned 1 exit status
make: *** [makefile:64: cv05.elf] Error 1
"make -j4 all" terminated with exit code 2. Build might be incomplete.
12:25:22 **** Incremental Build of configuration Debug for project cv05 ****
make -j4 all 
arm-none-eabi-gcc "../Core/Src/main.c" -mcpu=cortex-m0 -std=gnu11 -g3 -DDEBUG -DUSE_HAL_DRIVER -DSTM32F030x8 -c -I../Core/Inc -I../Drivers/STM32F0xx_HAL_Driver/Inc -I../Drivers/STM32F0xx_HAL_Driver/Inc/Legacy -I../Drivers/CMSIS/Device/ST/STM32F0xx/Include -I../Drivers/CMSIS/Include -O0 -ffunction-sections -fdata-sections -Wall -fstack-usage -MMD -MP -MF"Core/Src/main.d" -MT"Core/Src/main.o" --specs=nano.specs -mfloat-abi=soft -mthumb -o "Core/Src/main.o"
../Core/Src/main.c: In function 'uart_byte_available':
../Core/Src/main.c:75:3: warning: implicit declaration of function 'uart_process_command' [-Wimplicit-function-declaration]
   75 |   uart_process_command(data);
      |   ^~~~~~~~~~~~~~~~~~~~
arm-none-eabi-gcc -o "cv05.elf" @"objects.list"   -mcpu=cortex-m0 -T"C:\Temp\221056\5 25.10\cv05\STM32F030R8TX_FLASH.ld" --specs=nosys.specs -Wl,-Map="cv05.map" -Wl,--gc-sections -static --specs=nano.specs -mfloat-abi=soft -mthumb -Wl,--start-group -lc -lm -Wl,--end-group
c:\appz\st\stm32cubeide_1.10.1\stm32cubeide\plugins\com.st.stm32cube.ide.mcu.externaltools.gnu-tools-for-stm32.10.3-2021.10.win32_1.0.0.202111181127\tools\arm-none-eabi\bin\ld.exe: ./Core/Src/main.o: in function `uart_byte_available':
C:/Temp/221056/5 25.10/cv05/Debug/../Core/Src/main.c:75: undefined reference to `uart_process_command'
collect2.exe: error: ld returned 1 exit status
make: *** [makefile:64: cv05.elf] Error 1
"make -j4 all" terminated with exit code 2. Build might be incomplete.
12:39:02 **** Incremental Build of configuration Debug for project cv05 ****
make -j4 all 
arm-none-eabi-gcc "../Core/Src/main.c" -mcpu=cortex-m0 -std=gnu11 -g3 -DDEBUG -DUSE_HAL_DRIVER -DSTM32F030x8 -c -I../Core/Inc -I../Drivers/STM32F0xx_HAL_Driver/Inc -I../Drivers/STM32F0xx_HAL_Driver/Inc/Legacy -I../Drivers/CMSIS/Device/ST/STM32F0xx/Include -I../Drivers/CMSIS/Include -O0 -ffunction-sections -fdata-sections -Wall -fstack-usage -MMD -MP -MF"Core/Src/main.d" -MT"Core/Src/main.o" --specs=nano.specs -mfloat-abi=soft -mthumb -o "Core/Src/main.o"
../Core/Src/main.c: In function 'uart_byte_available':
../Core/Src/main.c:77:3: warning: implicit declaration of function 'uart_process_command' [-Wimplicit-function-declaration]
   77 |   uart_process_command(data);
      |   ^~~~~~~~~~~~~~~~~~~~
../Core/Src/main.c: At top level:
../Core/Src/main.c:82:6: warning: conflicting types for 'uart_process_command'
   82 | void uart_process_command(uint32_t data){
      |      ^~~~~~~~~~~~~~~~~~~~
../Core/Src/main.c:77:3: note: previous implicit declaration of 'uart_process_command' was here
   77 |   uart_process_command(data);
      |   ^~~~~~~~~~~~~~~~~~~~
../Core/Src/main.c: In function 'uart_process_command':
../Core/Src/main.c:83:28: error: 'cmd' undeclared (first use in this function)
   83 |  printf("prijato: '%s'\n", cmd);
      |                            ^~~
../Core/Src/main.c:83:28: note: each undeclared identifier is reported only once for each function it appears in
make: *** [Core/Src/subdir.mk:34: Core/Src/main.o] Error 1
"make -j4 all" terminated with exit code 2. Build might be incomplete.
12:39:37 **** Incremental Build of configuration Debug for project cv05 ****
make -j4 all 
arm-none-eabi-gcc "../Core/Src/main.c" -mcpu=cortex-m0 -std=gnu11 -g3 -DDEBUG -DUSE_HAL_DRIVER -DSTM32F030x8 -c -I../Core/Inc -I../Drivers/STM32F0xx_HAL_Driver/Inc -I../Drivers/STM32F0xx_HAL_Driver/Inc/Legacy -I../Drivers/CMSIS/Device/ST/STM32F0xx/Include -I../Drivers/CMSIS/Include -O0 -ffunction-sections -fdata-sections -Wall -fstack-usage -MMD -MP -MF"Core/Src/main.d" -MT"Core/Src/main.o" --specs=nano.specs -mfloat-abi=soft -mthumb -o "Core/Src/main.o"
../Core/Src/main.c: In function 'uart_byte_available':
../Core/Src/main.c:77:3: warning: implicit declaration of function 'uart_process_command' [-Wimplicit-function-declaration]
   77 |   uart_process_command(data);
      |   ^~~~~~~~~~~~~~~~~~~~
../Core/Src/main.c: At top level:
../Core/Src/main.c:82:6: warning: conflicting types for 'uart_process_command'
   82 | void uart_process_command(uint8_t data){
      |      ^~~~~~~~~~~~~~~~~~~~
../Core/Src/main.c:77:3: note: previous implicit declaration of 'uart_process_command' was here
   77 |   uart_process_command(data);
      |   ^~~~~~~~~~~~~~~~~~~~
../Core/Src/main.c: In function 'uart_process_command':
../Core/Src/main.c:83:28: error: 'cmd' undeclared (first use in this function)
   83 |  printf("prijato: '%s'\n", cmd);
      |                            ^~~
../Core/Src/main.c:83:28: note: each undeclared identifier is reported only once for each function it appears in
make: *** [Core/Src/subdir.mk:34: Core/Src/main.o] Error 1
"make -j4 all" terminated with exit code 2. Build might be incomplete.
12:40:04 **** Incremental Build of configuration Debug for project cv05 ****
make -j4 all 
arm-none-eabi-gcc "../Core/Src/main.c" -mcpu=cortex-m0 -std=gnu11 -g3 -DDEBUG -DUSE_HAL_DRIVER -DSTM32F030x8 -c -I../Core/Inc -I../Drivers/STM32F0xx_HAL_Driver/Inc -I../Drivers/STM32F0xx_HAL_Driver/Inc/Legacy -I../Drivers/CMSIS/Device/ST/STM32F0xx/Include -I../Drivers/CMSIS/Include -O0 -ffunction-sections -fdata-sections -Wall -fstack-usage -MMD -MP -MF"Core/Src/main.d" -MT"Core/Src/main.o" --specs=nano.specs -mfloat-abi=soft -mthumb -o "Core/Src/main.o"
../Core/Src/main.c: In function 'uart_byte_available':
../Core/Src/main.c:77:3: warning: implicit declaration of function 'uart_process_command' [-Wimplicit-function-declaration]
   77 |   uart_process_command(data);
      |   ^~~~~~~~~~~~~~~~~~~~
../Core/Src/main.c: At top level:
../Core/Src/main.c:82:6: warning: conflicting types for 'uart_process_command'
   82 | void uart_process_command(uint32_t cmd){
      |      ^~~~~~~~~~~~~~~~~~~~
../Core/Src/main.c:77:3: note: previous implicit declaration of 'uart_process_command' was here
   77 |   uart_process_command(data);
      |   ^~~~~~~~~~~~~~~~~~~~
../Core/Src/main.c: In function 'uart_process_command':
../Core/Src/main.c:83:21: warning: format '%s' expects argument of type 'char *', but argument 2 has type 'uint32_t' {aka 'long unsigned int'} [-Wformat=]
   83 |  printf("prijato: '%s'\n", cmd);
      |                    ~^      ~~~
      |                     |      |
      |                     char * uint32_t {aka long unsigned int}
      |                    %ld
arm-none-eabi-gcc -o "cv05.elf" @"objects.list"   -mcpu=cortex-m0 -T"C:\Temp\221056\5 25.10\cv05\STM32F030R8TX_FLASH.ld" --specs=nosys.specs -Wl,-Map="cv05.map" -Wl,--gc-sections -static --specs=nano.specs -mfloat-abi=soft -mthumb -Wl,--start-group -lc -lm -Wl,--end-group
Finished building target: cv05.elf
 
arm-none-eabi-size   cv05.elf 
arm-none-eabi-objdump -h -S  cv05.elf  > "cv05.list"
   text	   data	    bss	    dec	    hex	filename
  14424	    120	   2120	  16664	   4118	cv05.elf
Finished building: default.size.stdout
 
Finished building: cv05.list
 
12:40:41 **** Incremental Build of configuration Debug for project cv05 ****
make -j4 all 
arm-none-eabi-gcc "../Core/Src/main.c" -mcpu=cortex-m0 -std=gnu11 -g3 -DDEBUG -DUSE_HAL_DRIVER -DSTM32F030x8 -c -I../Core/Inc -I../Drivers/STM32F0xx_HAL_Driver/Inc -I../Drivers/STM32F0xx_HAL_Driver/Inc/Legacy -I../Drivers/CMSIS/Device/ST/STM32F0xx/Include -I../Drivers/CMSIS/Include -O0 -ffunction-sections -fdata-sections -Wall -fstack-usage -MMD -MP -MF"Core/Src/main.d" -MT"Core/Src/main.o" --specs=nano.specs -mfloat-abi=soft -mthumb -o "Core/Src/main.o"
../Core/Src/main.c: In function 'uart_byte_available':
../Core/Src/main.c:77:3: warning: implicit declaration of function 'uart_process_command' [-Wimplicit-function-declaration]
   77 |   uart_process_command(data);
      |   ^~~~~~~~~~~~~~~~~~~~
../Core/Src/main.c: At top level:
../Core/Src/main.c:82:39: error: storage class specified for parameter 'cmd'
   82 | void uart_process_command(static char cmd[CMD_BUFFER_LEN]){
      |                                       ^~~
../Core/Src/main.c:82:6: warning: conflicting types for 'uart_process_command'
   82 | void uart_process_command(static char cmd[CMD_BUFFER_LEN]){
      |      ^~~~~~~~~~~~~~~~~~~~
../Core/Src/main.c:77:3: note: previous implicit declaration of 'uart_process_command' was here
   77 |   uart_process_command(data);
      |   ^~~~~~~~~~~~~~~~~~~~
make: *** [Core/Src/subdir.mk:34: Core/Src/main.o] Error 1
"make -j4 all" terminated with exit code 2. Build might be incomplete.
12:40:57 **** Incremental Build of configuration Debug for project cv05 ****
make -j4 all 
arm-none-eabi-gcc "../Core/Src/main.c" -mcpu=cortex-m0 -std=gnu11 -g3 -DDEBUG -DUSE_HAL_DRIVER -DSTM32F030x8 -c -I../Core/Inc -I../Drivers/STM32F0xx_HAL_Driver/Inc -I../Drivers/STM32F0xx_HAL_Driver/Inc/Legacy -I../Drivers/CMSIS/Device/ST/STM32F0xx/Include -I../Drivers/CMSIS/Include -O0 -ffunction-sections -fdata-sections -Wall -fstack-usage -MMD -MP -MF"Core/Src/main.d" -MT"Core/Src/main.o" --specs=nano.specs -mfloat-abi=soft -mthumb -o "Core/Src/main.o"
../Core/Src/main.c: In function 'uart_byte_available':
../Core/Src/main.c:77:3: warning: implicit declaration of function 'uart_process_command' [-Wimplicit-function-declaration]
   77 |   uart_process_command(data);
      |   ^~~~~~~~~~~~~~~~~~~~
../Core/Src/main.c: At top level:
../Core/Src/main.c:82:39: error: storage class specified for parameter 'cmd'
   82 | void uart_process_command(static char cmd){
      |                                       ^~~
../Core/Src/main.c:82:6: warning: conflicting types for 'uart_process_command'
   82 | void uart_process_command(static char cmd){
      |      ^~~~~~~~~~~~~~~~~~~~
../Core/Src/main.c:77:3: note: previous implicit declaration of 'uart_process_command' was here
   77 |   uart_process_command(data);
      |   ^~~~~~~~~~~~~~~~~~~~
../Core/Src/main.c: In function 'uart_process_command':
../Core/Src/main.c:83:21: warning: format '%s' expects argument of type 'char *', but argument 2 has type 'int' [-Wformat=]
   83 |  printf("prijato: '%s'\n", cmd);
      |                    ~^      ~~~
      |                     |      |
      |                     char * int
      |                    %d
make: *** [Core/Src/subdir.mk:34: Core/Src/main.o] Error 1
"make -j4 all" terminated with exit code 2. Build might be incomplete.
12:41:22 **** Incremental Build of configuration Debug for project cv05 ****
make -j4 all 
arm-none-eabi-gcc "../Core/Src/main.c" -mcpu=cortex-m0 -std=gnu11 -g3 -DDEBUG -DUSE_HAL_DRIVER -DSTM32F030x8 -c -I../Core/Inc -I../Drivers/STM32F0xx_HAL_Driver/Inc -I../Drivers/STM32F0xx_HAL_Driver/Inc/Legacy -I../Drivers/CMSIS/Device/ST/STM32F0xx/Include -I../Drivers/CMSIS/Include -O0 -ffunction-sections -fdata-sections -Wall -fstack-usage -MMD -MP -MF"Core/Src/main.d" -MT"Core/Src/main.o" --specs=nano.specs -mfloat-abi=soft -mthumb -o "Core/Src/main.o"
../Core/Src/main.c: In function 'uart_byte_available':
../Core/Src/main.c:77:3: warning: implicit declaration of function 'uart_process_command' [-Wimplicit-function-declaration]
   77 |   uart_process_command(data);
      |   ^~~~~~~~~~~~~~~~~~~~
../Core/Src/main.c: At top level:
../Core/Src/main.c:82:6: warning: conflicting types for 'uart_process_command'
   82 | void uart_process_command(char cmd){
      |      ^~~~~~~~~~~~~~~~~~~~
../Core/Src/main.c:77:3: note: previous implicit declaration of 'uart_process_command' was here
   77 |   uart_process_command(data);
      |   ^~~~~~~~~~~~~~~~~~~~
../Core/Src/main.c: In function 'uart_process_command':
../Core/Src/main.c:83:21: warning: format '%s' expects argument of type 'char *', but argument 2 has type 'int' [-Wformat=]
   83 |  printf("prijato: '%s'\n", cmd);
      |                    ~^      ~~~
      |                     |      |
      |                     char * int
      |                    %d
arm-none-eabi-gcc -o "cv05.elf" @"objects.list"   -mcpu=cortex-m0 -T"C:\Temp\221056\5 25.10\cv05\STM32F030R8TX_FLASH.ld" --specs=nosys.specs -Wl,-Map="cv05.map" -Wl,--gc-sections -static --specs=nano.specs -mfloat-abi=soft -mthumb -Wl,--start-group -lc -lm -Wl,--end-group
Finished building target: cv05.elf
 
arm-none-eabi-size   cv05.elf 
arm-none-eabi-objdump -h -S  cv05.elf  > "cv05.list"
   text	   data	    bss	    dec	    hex	filename
  14432	    120	   2120	  16672	   4120	cv05.elf
Finished building: default.size.stdout
 
Finished building: cv05.list
 
12:42:07 **** Incremental Build of configuration Debug for project cv05 ****
make -j4 all 
arm-none-eabi-gcc "../Core/Src/main.c" -mcpu=cortex-m0 -std=gnu11 -g3 -DDEBUG -DUSE_HAL_DRIVER -DSTM32F030x8 -c -I../Core/Inc -I../Drivers/STM32F0xx_HAL_Driver/Inc -I../Drivers/STM32F0xx_HAL_Driver/Inc/Legacy -I../Drivers/CMSIS/Device/ST/STM32F0xx/Include -I../Drivers/CMSIS/Include -O0 -ffunction-sections -fdata-sections -Wall -fstack-usage -MMD -MP -MF"Core/Src/main.d" -MT"Core/Src/main.o" --specs=nano.specs -mfloat-abi=soft -mthumb -o "Core/Src/main.o"
../Core/Src/main.c: In function 'uart_byte_available':
../Core/Src/main.c:77:3: warning: implicit declaration of function 'uart_process_command' [-Wimplicit-function-declaration]
   77 |   uart_process_command(data);
      |   ^~~~~~~~~~~~~~~~~~~~
../Core/Src/main.c: At top level:
../Core/Src/main.c:82:6: warning: conflicting types for 'uart_process_command'
   82 | void uart_process_command(int cmd){
      |      ^~~~~~~~~~~~~~~~~~~~
../Core/Src/main.c:77:3: note: previous implicit declaration of 'uart_process_command' was here
   77 |   uart_process_command(data);
      |   ^~~~~~~~~~~~~~~~~~~~
../Core/Src/main.c: In function 'uart_process_command':
../Core/Src/main.c:83:21: warning: format '%s' expects argument of type 'char *', but argument 2 has type 'int' [-Wformat=]
   83 |  printf("prijato: '%s'\n", cmd);
      |                    ~^      ~~~
      |                     |      |
      |                     char * int
      |                    %d
arm-none-eabi-gcc -o "cv05.elf" @"objects.list"   -mcpu=cortex-m0 -T"C:\Temp\221056\5 25.10\cv05\STM32F030R8TX_FLASH.ld" --specs=nosys.specs -Wl,-Map="cv05.map" -Wl,--gc-sections -static --specs=nano.specs -mfloat-abi=soft -mthumb -Wl,--start-group -lc -lm -Wl,--end-group
Finished building target: cv05.elf
 
arm-none-eabi-size   cv05.elf 
arm-none-eabi-objdump -h -S  cv05.elf  > "cv05.list"
   text	   data	    bss	    dec	    hex	filename
  14424	    120	   2120	  16664	   4118	cv05.elf
Finished building: default.size.stdout
 
Finished building: cv05.list
 
12:42:35 **** Incremental Build of configuration Debug for project cv05 ****
make -j4 all 
arm-none-eabi-gcc "../Core/Src/main.c" -mcpu=cortex-m0 -std=gnu11 -g3 -DDEBUG -DUSE_HAL_DRIVER -DSTM32F030x8 -c -I../Core/Inc -I../Drivers/STM32F0xx_HAL_Driver/Inc -I../Drivers/STM32F0xx_HAL_Driver/Inc/Legacy -I../Drivers/CMSIS/Device/ST/STM32F0xx/Include -I../Drivers/CMSIS/Include -O0 -ffunction-sections -fdata-sections -Wall -fstack-usage -MMD -MP -MF"Core/Src/main.d" -MT"Core/Src/main.o" --specs=nano.specs -mfloat-abi=soft -mthumb -o "Core/Src/main.o"
../Core/Src/main.c: In function 'uart_byte_available':
../Core/Src/main.c:77:3: warning: implicit declaration of function 'uart_process_command' [-Wimplicit-function-declaration]
   77 |   uart_process_command(data);
      |   ^~~~~~~~~~~~~~~~~~~~
../Core/Src/main.c: At top level:
../Core/Src/main.c:82:6: warning: conflicting types for 'uart_process_command'
   82 | void uart_process_command(uint32_t cmd){
      |      ^~~~~~~~~~~~~~~~~~~~
../Core/Src/main.c:77:3: note: previous implicit declaration of 'uart_process_command' was here
   77 |   uart_process_command(data);
      |   ^~~~~~~~~~~~~~~~~~~~
../Core/Src/main.c: In function 'uart_process_command':
../Core/Src/main.c:83:21: warning: format '%s' expects argument of type 'char *', but argument 2 has type 'uint32_t' {aka 'long unsigned int'} [-Wformat=]
   83 |  printf("prijato: '%s'\n", cmd);
      |                    ~^      ~~~
      |                     |      |
      |                     char * uint32_t {aka long unsigned int}
      |                    %ld
arm-none-eabi-gcc -o "cv05.elf" @"objects.list"   -mcpu=cortex-m0 -T"C:\Temp\221056\5 25.10\cv05\STM32F030R8TX_FLASH.ld" --specs=nosys.specs -Wl,-Map="cv05.map" -Wl,--gc-sections -static --specs=nano.specs -mfloat-abi=soft -mthumb -Wl,--start-group -lc -lm -Wl,--end-group
Finished building target: cv05.elf
 
arm-none-eabi-size   cv05.elf 
arm-none-eabi-objdump -h -S  cv05.elf  > "cv05.list"
   text	   data	    bss	    dec	    hex	filename
  14424	    120	   2120	  16664	   4118	cv05.elf
Finished building: default.size.stdout
 
Finished building: cv05.list
 
12:43:17 **** Incremental Build of configuration Debug for project cv05 ****
make -j4 all 
arm-none-eabi-gcc "../Core/Src/main.c" -mcpu=cortex-m0 -std=gnu11 -g3 -DDEBUG -DUSE_HAL_DRIVER -DSTM32F030x8 -c -I../Core/Inc -I../Drivers/STM32F0xx_HAL_Driver/Inc -I../Drivers/STM32F0xx_HAL_Driver/Inc/Legacy -I../Drivers/CMSIS/Device/ST/STM32F0xx/Include -I../Drivers/CMSIS/Include -O0 -ffunction-sections -fdata-sections -Wall -fstack-usage -MMD -MP -MF"Core/Src/main.d" -MT"Core/Src/main.o" --specs=nano.specs -mfloat-abi=soft -mthumb -o "Core/Src/main.o"
../Core/Src/main.c: In function 'uart_byte_available':
../Core/Src/main.c:77:3: warning: implicit declaration of function 'uart_process_command' [-Wimplicit-function-declaration]
   77 |   uart_process_command(data);
      |   ^~~~~~~~~~~~~~~~~~~~
../Core/Src/main.c: At top level:
../Core/Src/main.c:82:6: warning: conflicting types for 'uart_process_command'
   82 | void uart_process_command(uint32_t cmd)
      |      ^~~~~~~~~~~~~~~~~~~~
../Core/Src/main.c:77:3: note: previous implicit declaration of 'uart_process_command' was here
   77 |   uart_process_command(data);
      |   ^~~~~~~~~~~~~~~~~~~~
../Core/Src/main.c: In function 'uart_process_command':
../Core/Src/main.c:84:21: warning: format '%s' expects argument of type 'char *', but argument 2 has type 'uint32_t' {aka 'long unsigned int'} [-Wformat=]
   84 |  printf("prijato: '%s'\n", cmd);
      |                    ~^      ~~~
      |                     |      |
      |                     char * uint32_t {aka long unsigned int}
      |                    %ld
arm-none-eabi-gcc -o "cv05.elf" @"objects.list"   -mcpu=cortex-m0 -T"C:\Temp\221056\5 25.10\cv05\STM32F030R8TX_FLASH.ld" --specs=nosys.specs -Wl,-Map="cv05.map" -Wl,--gc-sections -static --specs=nano.specs -mfloat-abi=soft -mthumb -Wl,--start-group -lc -lm -Wl,--end-group
Finished building target: cv05.elf
 
arm-none-eabi-size   cv05.elf 
arm-none-eabi-objdump -h -S  cv05.elf  > "cv05.list"
   text	   data	    bss	    dec	    hex	filename
  14424	    120	   2120	  16664	   4118	cv05.elf
Finished building: default.size.stdout
 
Finished building: cv05.list
 
12:44:21 **** Incremental Build of configuration Debug for project cv05 ****
make -j4 all 
arm-none-eabi-size   cv05.elf 
   text	   data	    bss	    dec	    hex	filename
  14424	    120	   2120	  16664	   4118	cv05.elf
Finished building: default.size.stdout
 
12:45:04 **** Incremental Build of configuration Debug for project cv05 ****
make -j4 all 
arm-none-eabi-size   cv05.elf 
   text	   data	    bss	    dec	    hex	filename
  14424	    120	   2120	  16664	   4118	cv05.elf
Finished building: default.size.stdout
 
12:47:54 **** Incremental Build of configuration Debug for project cv05 ****
make -j4 all 
arm-none-eabi-size   cv05.elf 
   text	   data	    bss	    dec	    hex	filename
  14424	    120	   2120	  16664	   4118	cv05.elf
Finished building: default.size.stdout
 
12:48:03 **** Incremental Build of configuration Debug for project cv05 ****
make -j4 all 
arm-none-eabi-size   cv05.elf 
   text	   data	    bss	    dec	    hex	filename
  14424	    120	   2120	  16664	   4118	cv05.elf
Finished building: default.size.stdout
 
12:49:49 **** Incremental Build of configuration Debug for project cv05 ****
make -j4 all 
arm-none-eabi-gcc "../Core/Src/main.c" -mcpu=cortex-m0 -std=gnu11 -g3 -DDEBUG -DUSE_HAL_DRIVER -DSTM32F030x8 -c -I../Core/Inc -I../Drivers/STM32F0xx_HAL_Driver/Inc -I../Drivers/STM32F0xx_HAL_Driver/Inc/Legacy -I../Drivers/CMSIS/Device/ST/STM32F0xx/Include -I../Drivers/CMSIS/Include -O0 -ffunction-sections -fdata-sections -Wall -fstack-usage -MMD -MP -MF"Core/Src/main.d" -MT"Core/Src/main.o" --specs=nano.specs -mfloat-abi=soft -mthumb -o "Core/Src/main.o"
../Core/Src/main.c: In function 'uart_byte_available':
../Core/Src/main.c:77:3: warning: implicit declaration of function 'uart_process_command' [-Wimplicit-function-declaration]
   77 |   uart_process_command(data);
      |   ^~~~~~~~~~~~~~~~~~~~
../Core/Src/main.c: At top level:
../Core/Src/main.c:82:39: error: storage class specified for parameter 'cmd'
   82 | void uart_process_command(static char cmd)
      |                                       ^~~
../Core/Src/main.c:82:6: warning: conflicting types for 'uart_process_command'
   82 | void uart_process_command(static char cmd)
      |      ^~~~~~~~~~~~~~~~~~~~
../Core/Src/main.c:77:3: note: previous implicit declaration of 'uart_process_command' was here
   77 |   uart_process_command(data);
      |   ^~~~~~~~~~~~~~~~~~~~
../Core/Src/main.c: In function 'uart_process_command':
../Core/Src/main.c:84:21: warning: format '%s' expects argument of type 'char *', but argument 2 has type 'int' [-Wformat=]
   84 |  printf("prijato: '%s'\n", cmd);
      |                    ~^      ~~~
      |                     |      |
      |                     char * int
      |                    %d
make: *** [Core/Src/subdir.mk:34: Core/Src/main.o] Error 1
"make -j4 all" terminated with exit code 2. Build might be incomplete.
12:50:01 **** Incremental Build of configuration Debug for project cv05 ****
make -j4 all 
arm-none-eabi-gcc "../Core/Src/main.c" -mcpu=cortex-m0 -std=gnu11 -g3 -DDEBUG -DUSE_HAL_DRIVER -DSTM32F030x8 -c -I../Core/Inc -I../Drivers/STM32F0xx_HAL_Driver/Inc -I../Drivers/STM32F0xx_HAL_Driver/Inc/Legacy -I../Drivers/CMSIS/Device/ST/STM32F0xx/Include -I../Drivers/CMSIS/Include -O0 -ffunction-sections -fdata-sections -Wall -fstack-usage -MMD -MP -MF"Core/Src/main.d" -MT"Core/Src/main.o" --specs=nano.specs -mfloat-abi=soft -mthumb -o "Core/Src/main.o"
../Core/Src/main.c: In function 'uart_byte_available':
../Core/Src/main.c:77:3: warning: implicit declaration of function 'uart_process_command' [-Wimplicit-function-declaration]
   77 |   uart_process_command(data);
      |   ^~~~~~~~~~~~~~~~~~~~
../Core/Src/main.c: At top level:
../Core/Src/main.c:82:6: warning: conflicting types for 'uart_process_command'
   82 | void uart_process_command(char cmd)
      |      ^~~~~~~~~~~~~~~~~~~~
../Core/Src/main.c:77:3: note: previous implicit declaration of 'uart_process_command' was here
   77 |   uart_process_command(data);
      |   ^~~~~~~~~~~~~~~~~~~~
../Core/Src/main.c: In function 'uart_process_command':
../Core/Src/main.c:84:21: warning: format '%s' expects argument of type 'char *', but argument 2 has type 'int' [-Wformat=]
   84 |  printf("prijato: '%s'\n", cmd);
      |                    ~^      ~~~
      |                     |      |
      |                     char * int
      |                    %d
arm-none-eabi-gcc -o "cv05.elf" @"objects.list"   -mcpu=cortex-m0 -T"C:\Temp\221056\5 25.10\cv05\STM32F030R8TX_FLASH.ld" --specs=nosys.specs -Wl,-Map="cv05.map" -Wl,--gc-sections -static --specs=nano.specs -mfloat-abi=soft -mthumb -Wl,--start-group -lc -lm -Wl,--end-group
Finished building target: cv05.elf
 
arm-none-eabi-size   cv05.elf 
arm-none-eabi-objdump -h -S  cv05.elf  > "cv05.list"
   text	   data	    bss	    dec	    hex	filename
  14432	    120	   2120	  16672	   4120	cv05.elf
Finished building: default.size.stdout
 
Finished building: cv05.list
 
12:50:26 **** Incremental Build of configuration Debug for project cv05 ****
make -j4 all 
arm-none-eabi-gcc "../Core/Src/main.c" -mcpu=cortex-m0 -std=gnu11 -g3 -DDEBUG -DUSE_HAL_DRIVER -DSTM32F030x8 -c -I../Core/Inc -I../Drivers/STM32F0xx_HAL_Driver/Inc -I../Drivers/STM32F0xx_HAL_Driver/Inc/Legacy -I../Drivers/CMSIS/Device/ST/STM32F0xx/Include -I../Drivers/CMSIS/Include -O0 -ffunction-sections -fdata-sections -Wall -fstack-usage -MMD -MP -MF"Core/Src/main.d" -MT"Core/Src/main.o" --specs=nano.specs -mfloat-abi=soft -mthumb -o "Core/Src/main.o"
../Core/Src/main.c: In function 'uart_byte_available':
../Core/Src/main.c:77:3: warning: implicit declaration of function 'uart_process_command' [-Wimplicit-function-declaration]
   77 |   uart_process_command(data);
      |   ^~~~~~~~~~~~~~~~~~~~
../Core/Src/main.c: At top level:
../Core/Src/main.c:82:6: warning: conflicting types for 'uart_process_command'
   82 | void uart_process_command(uint32_t cmd)
      |      ^~~~~~~~~~~~~~~~~~~~
../Core/Src/main.c:77:3: note: previous implicit declaration of 'uart_process_command' was here
   77 |   uart_process_command(data);
      |   ^~~~~~~~~~~~~~~~~~~~
../Core/Src/main.c: In function 'uart_process_command':
../Core/Src/main.c:84:21: warning: format '%s' expects argument of type 'char *', but argument 2 has type 'uint32_t' {aka 'long unsigned int'} [-Wformat=]
   84 |  printf("prijato: '%s'\n", cmd);
      |                    ~^      ~~~
      |                     |      |
      |                     char * uint32_t {aka long unsigned int}
      |                    %ld
arm-none-eabi-gcc -o "cv05.elf" @"objects.list"   -mcpu=cortex-m0 -T"C:\Temp\221056\5 25.10\cv05\STM32F030R8TX_FLASH.ld" --specs=nosys.specs -Wl,-Map="cv05.map" -Wl,--gc-sections -static --specs=nano.specs -mfloat-abi=soft -mthumb -Wl,--start-group -lc -lm -Wl,--end-group
Finished building target: cv05.elf
 
arm-none-eabi-size   cv05.elf 
arm-none-eabi-objdump -h -S  cv05.elf  > "cv05.list"
   text	   data	    bss	    dec	    hex	filename
  14424	    120	   2120	  16664	   4118	cv05.elf
Finished building: default.size.stdout
 
Finished building: cv05.list
 
12:52:03 **** Incremental Build of configuration Debug for project cv05 ****
make -j4 all 
arm-none-eabi-gcc "../Core/Src/main.c" -mcpu=cortex-m0 -std=gnu11 -g3 -DDEBUG -DUSE_HAL_DRIVER -DSTM32F030x8 -c -I../Core/Inc -I../Drivers/STM32F0xx_HAL_Driver/Inc -I../Drivers/STM32F0xx_HAL_Driver/Inc/Legacy -I../Drivers/CMSIS/Device/ST/STM32F0xx/Include -I../Drivers/CMSIS/Include -O0 -ffunction-sections -fdata-sections -Wall -fstack-usage -MMD -MP -MF"Core/Src/main.d" -MT"Core/Src/main.o" --specs=nano.specs -mfloat-abi=soft -mthumb -o "Core/Src/main.o"
../Core/Src/main.c: In function 'uart_byte_available':
../Core/Src/main.c:77:3: warning: implicit declaration of function 'uart_process_command' [-Wimplicit-function-declaration]
   77 |   uart_process_command(data);
      |   ^~~~~~~~~~~~~~~~~~~~
../Core/Src/main.c: At top level:
../Core/Src/main.c:39:24: error: expected identifier before numeric constant
   39 | #define CMD_BUFFER_LEN 256
      |                        ^~~
../Core/Src/main.c:82:37: note: in expansion of macro 'CMD_BUFFER_LEN'
   82 | void uart_process_command(char cmd[[CMD_BUFFER_LEN])
      |                                     ^~~~~~~~~~~~~~
../Core/Src/main.c:82:52: error: expected ']' before ')' token
   82 | void uart_process_command(char cmd[[CMD_BUFFER_LEN])
      |                                                    ^
      |                                                    ]
../Core/Src/main.c:82:6: warning: conflicting types for 'uart_process_command'
   82 | void uart_process_command(char cmd[[CMD_BUFFER_LEN])
      |      ^~~~~~~~~~~~~~~~~~~~
../Core/Src/main.c:77:3: note: previous implicit declaration of 'uart_process_command' was here
   77 |   uart_process_command(data);
      |   ^~~~~~~~~~~~~~~~~~~~
../Core/Src/main.c: In function 'uart_process_command':
../Core/Src/main.c:84:21: warning: format '%s' expects argument of type 'char *', but argument 2 has type 'int' [-Wformat=]
   84 |  printf("prijato: '%s'\n", cmd);
      |                    ~^      ~~~
      |                     |      |
      |                     char * int
      |                    %d
make: *** [Core/Src/subdir.mk:34: Core/Src/main.o] Error 1
"make -j4 all" terminated with exit code 2. Build might be incomplete.
12:52:11 **** Incremental Build of configuration Debug for project cv05 ****
make -j4 all 
arm-none-eabi-gcc "../Core/Src/main.c" -mcpu=cortex-m0 -std=gnu11 -g3 -DDEBUG -DUSE_HAL_DRIVER -DSTM32F030x8 -c -I../Core/Inc -I../Drivers/STM32F0xx_HAL_Driver/Inc -I../Drivers/STM32F0xx_HAL_Driver/Inc/Legacy -I../Drivers/CMSIS/Device/ST/STM32F0xx/Include -I../Drivers/CMSIS/Include -O0 -ffunction-sections -fdata-sections -Wall -fstack-usage -MMD -MP -MF"Core/Src/main.d" -MT"Core/Src/main.o" --specs=nano.specs -mfloat-abi=soft -mthumb -o "Core/Src/main.o"
../Core/Src/main.c: In function 'uart_byte_available':
../Core/Src/main.c:77:3: warning: implicit declaration of function 'uart_process_command' [-Wimplicit-function-declaration]
   77 |   uart_process_command(data);
      |   ^~~~~~~~~~~~~~~~~~~~
../Core/Src/main.c: At top level:
../Core/Src/main.c:39:24: error: expected identifier before numeric constant
   39 | #define CMD_BUFFER_LEN 256
      |                        ^~~
../Core/Src/main.c:82:37: note: in expansion of macro 'CMD_BUFFER_LEN'
   82 | void uart_process_command(char cmd[[CMD_BUFFER_LEN])
      |                                     ^~~~~~~~~~~~~~
../Core/Src/main.c:82:52: error: expected ']' before ')' token
   82 | void uart_process_command(char cmd[[CMD_BUFFER_LEN])
      |                                                    ^
      |                                                    ]
../Core/Src/main.c:82:6: warning: conflicting types for 'uart_process_command'
   82 | void uart_process_command(char cmd[[CMD_BUFFER_LEN])
      |      ^~~~~~~~~~~~~~~~~~~~
../Core/Src/main.c:77:3: note: previous implicit declaration of 'uart_process_command' was here
   77 |   uart_process_command(data);
      |   ^~~~~~~~~~~~~~~~~~~~
../Core/Src/main.c: In function 'uart_process_command':
../Core/Src/main.c:84:21: warning: format '%s' expects argument of type 'char *', but argument 2 has type 'int' [-Wformat=]
   84 |  printf("prijato: '%s'\n", cmd);
      |                    ~^      ~~~
      |                     |      |
      |                     char * int
      |                    %d
make: *** [Core/Src/subdir.mk:34: Core/Src/main.o] Error 1
"make -j4 all" terminated with exit code 2. Build might be incomplete.
12:52:21 **** Incremental Build of configuration Debug for project cv05 ****
make -j4 all 
arm-none-eabi-gcc "../Core/Src/main.c" -mcpu=cortex-m0 -std=gnu11 -g3 -DDEBUG -DUSE_HAL_DRIVER -DSTM32F030x8 -c -I../Core/Inc -I../Drivers/STM32F0xx_HAL_Driver/Inc -I../Drivers/STM32F0xx_HAL_Driver/Inc/Legacy -I../Drivers/CMSIS/Device/ST/STM32F0xx/Include -I../Drivers/CMSIS/Include -O0 -ffunction-sections -fdata-sections -Wall -fstack-usage -MMD -MP -MF"Core/Src/main.d" -MT"Core/Src/main.o" --specs=nano.specs -mfloat-abi=soft -mthumb -o "Core/Src/main.o"
../Core/Src/main.c: In function 'uart_byte_available':
../Core/Src/main.c:77:3: warning: implicit declaration of function 'uart_process_command' [-Wimplicit-function-declaration]
   77 |   uart_process_command(data);
      |   ^~~~~~~~~~~~~~~~~~~~
../Core/Src/main.c: At top level:
../Core/Src/main.c:82:6: warning: conflicting types for 'uart_process_command'
   82 | void uart_process_command(char cmd[CMD_BUFFER_LEN])
      |      ^~~~~~~~~~~~~~~~~~~~
../Core/Src/main.c:77:3: note: previous implicit declaration of 'uart_process_command' was here
   77 |   uart_process_command(data);
      |   ^~~~~~~~~~~~~~~~~~~~
arm-none-eabi-gcc -o "cv05.elf" @"objects.list"   -mcpu=cortex-m0 -T"C:\Temp\221056\5 25.10\cv05\STM32F030R8TX_FLASH.ld" --specs=nosys.specs -Wl,-Map="cv05.map" -Wl,--gc-sections -static --specs=nano.specs -mfloat-abi=soft -mthumb -Wl,--start-group -lc -lm -Wl,--end-group
Finished building target: cv05.elf
 
arm-none-eabi-size   cv05.elf 
arm-none-eabi-objdump -h -S  cv05.elf  > "cv05.list"
   text	   data	    bss	    dec	    hex	filename
  14424	    120	   2120	  16664	   4118	cv05.elf
Finished building: default.size.stdout
 
Finished building: cv05.list
 
12:53:19 **** Incremental Build of configuration Debug for project cv05 ****
make -j4 all 
arm-none-eabi-gcc "../Core/Src/main.c" -mcpu=cortex-m0 -std=gnu11 -g3 -DDEBUG -DUSE_HAL_DRIVER -DSTM32F030x8 -c -I../Core/Inc -I../Drivers/STM32F0xx_HAL_Driver/Inc -I../Drivers/STM32F0xx_HAL_Driver/Inc/Legacy -I../Drivers/CMSIS/Device/ST/STM32F0xx/Include -I../Drivers/CMSIS/Include -O0 -ffunction-sections -fdata-sections -Wall -fstack-usage -MMD -MP -MF"Core/Src/main.d" -MT"Core/Src/main.o" --specs=nano.specs -mfloat-abi=soft -mthumb -o "Core/Src/main.o"
../Core/Src/main.c: In function 'uart_byte_available':
../Core/Src/main.c:77:3: warning: implicit declaration of function 'uart_process_command' [-Wimplicit-function-declaration]
   77 |   uart_process_command(data);
      |   ^~~~~~~~~~~~~~~~~~~~
../Core/Src/main.c: At top level:
../Core/Src/main.c:82:6: warning: conflicting types for 'uart_process_command'
   82 | void uart_process_command(char cmd[256])
      |      ^~~~~~~~~~~~~~~~~~~~
../Core/Src/main.c:77:3: note: previous implicit declaration of 'uart_process_command' was here
   77 |   uart_process_command(data);
      |   ^~~~~~~~~~~~~~~~~~~~
arm-none-eabi-gcc -o "cv05.elf" @"objects.list"   -mcpu=cortex-m0 -T"C:\Temp\221056\5 25.10\cv05\STM32F030R8TX_FLASH.ld" --specs=nosys.specs -Wl,-Map="cv05.map" -Wl,--gc-sections -static --specs=nano.specs -mfloat-abi=soft -mthumb -Wl,--start-group -lc -lm -Wl,--end-group
Finished building target: cv05.elf
 
arm-none-eabi-size   cv05.elf 
arm-none-eabi-objdump -h -S  cv05.elf  > "cv05.list"
   text	   data	    bss	    dec	    hex	filename
  14424	    120	   2120	  16664	   4118	cv05.elf
Finished building: default.size.stdout
 
Finished building: cv05.list
 
12:53:24 **** Incremental Build of configuration Debug for project cv05 ****
make -j4 all 
arm-none-eabi-gcc "../Core/Src/main.c" -mcpu=cortex-m0 -std=gnu11 -g3 -DDEBUG -DUSE_HAL_DRIVER -DSTM32F030x8 -c -I../Core/Inc -I../Drivers/STM32F0xx_HAL_Driver/Inc -I../Drivers/STM32F0xx_HAL_Driver/Inc/Legacy -I../Drivers/CMSIS/Device/ST/STM32F0xx/Include -I../Drivers/CMSIS/Include -O0 -ffunction-sections -fdata-sections -Wall -fstack-usage -MMD -MP -MF"Core/Src/main.d" -MT"Core/Src/main.o" --specs=nano.specs -mfloat-abi=soft -mthumb -o "Core/Src/main.o"
../Core/Src/main.c: In function 'uart_byte_available':
../Core/Src/main.c:77:3: warning: implicit declaration of function 'uart_process_command' [-Wimplicit-function-declaration]
   77 |   uart_process_command(data);
      |   ^~~~~~~~~~~~~~~~~~~~
../Core/Src/main.c: At top level:
../Core/Src/main.c:82:6: warning: conflicting types for 'uart_process_command'
   82 | void uart_process_command(char cmd[])
      |      ^~~~~~~~~~~~~~~~~~~~
../Core/Src/main.c:77:3: note: previous implicit declaration of 'uart_process_command' was here
   77 |   uart_process_command(data);
      |   ^~~~~~~~~~~~~~~~~~~~
arm-none-eabi-gcc -o "cv05.elf" @"objects.list"   -mcpu=cortex-m0 -T"C:\Temp\221056\5 25.10\cv05\STM32F030R8TX_FLASH.ld" --specs=nosys.specs -Wl,-Map="cv05.map" -Wl,--gc-sections -static --specs=nano.specs -mfloat-abi=soft -mthumb -Wl,--start-group -lc -lm -Wl,--end-group
Finished building target: cv05.elf
 
arm-none-eabi-size   cv05.elf 
arm-none-eabi-objdump -h -S  cv05.elf  > "cv05.list"
   text	   data	    bss	    dec	    hex	filename
  14424	    120	   2120	  16664	   4118	cv05.elf
Finished building: default.size.stdout
 
Finished building: cv05.list
 
12:53:31 **** Incremental Build of configuration Debug for project cv05 ****
make -j4 all 
arm-none-eabi-gcc "../Core/Src/main.c" -mcpu=cortex-m0 -std=gnu11 -g3 -DDEBUG -DUSE_HAL_DRIVER -DSTM32F030x8 -c -I../Core/Inc -I../Drivers/STM32F0xx_HAL_Driver/Inc -I../Drivers/STM32F0xx_HAL_Driver/Inc/Legacy -I../Drivers/CMSIS/Device/ST/STM32F0xx/Include -I../Drivers/CMSIS/Include -O0 -ffunction-sections -fdata-sections -Wall -fstack-usage -MMD -MP -MF"Core/Src/main.d" -MT"Core/Src/main.o" --specs=nano.specs -mfloat-abi=soft -mthumb -o "Core/Src/main.o"
../Core/Src/main.c: In function 'uart_byte_available':
../Core/Src/main.c:77:3: warning: implicit declaration of function 'uart_process_command' [-Wimplicit-function-declaration]
   77 |   uart_process_command(data);
      |   ^~~~~~~~~~~~~~~~~~~~
../Core/Src/main.c: At top level:
../Core/Src/main.c:82:6: warning: conflicting types for 'uart_process_command'
   82 | void uart_process_command(char cmd[CMD_BUFFER_LEN])
      |      ^~~~~~~~~~~~~~~~~~~~
../Core/Src/main.c:77:3: note: previous implicit declaration of 'uart_process_command' was here
   77 |   uart_process_command(data);
      |   ^~~~~~~~~~~~~~~~~~~~
arm-none-eabi-gcc -o "cv05.elf" @"objects.list"   -mcpu=cortex-m0 -T"C:\Temp\221056\5 25.10\cv05\STM32F030R8TX_FLASH.ld" --specs=nosys.specs -Wl,-Map="cv05.map" -Wl,--gc-sections -static --specs=nano.specs -mfloat-abi=soft -mthumb -Wl,--start-group -lc -lm -Wl,--end-group
Finished building target: cv05.elf
 
arm-none-eabi-size   cv05.elf 
arm-none-eabi-objdump -h -S  cv05.elf  > "cv05.list"
   text	   data	    bss	    dec	    hex	filename
  14424	    120	   2120	  16664	   4118	cv05.elf
Finished building: default.size.stdout
 
Finished building: cv05.list
 
12:54:37 **** Incremental Build of configuration Debug for project cv05 ****
make -j4 all 
arm-none-eabi-size   cv05.elf 
   text	   data	    bss	    dec	    hex	filename
  14424	    120	   2120	  16664	   4118	cv05.elf
Finished building: default.size.stdout
 
12:54:39 **** Incremental Build of configuration Debug for project cv05 ****
make -j4 all 
arm-none-eabi-size   cv05.elf 
   text	   data	    bss	    dec	    hex	filename
  14424	    120	   2120	  16664	   4118	cv05.elf
Finished building: default.size.stdout
 
12:55:09 **** Incremental Build of configuration Debug for project cv05 ****
make -j4 all 
arm-none-eabi-size   cv05.elf 
   text	   data	    bss	    dec	    hex	filename
  14424	    120	   2120	  16664	   4118	cv05.elf
Finished building: default.size.stdout
 
13:00:09 **** Incremental Build of configuration Debug for project cv05 ****
make -j4 all 
arm-none-eabi-gcc "../Core/Src/main.c" -mcpu=cortex-m0 -std=gnu11 -g3 -DDEBUG -DUSE_HAL_DRIVER -DSTM32F030x8 -c -I../Core/Inc -I../Drivers/STM32F0xx_HAL_Driver/Inc -I../Drivers/STM32F0xx_HAL_Driver/Inc/Legacy -I../Drivers/CMSIS/Device/ST/STM32F0xx/Include -I../Drivers/CMSIS/Include -O0 -ffunction-sections -fdata-sections -Wall -fstack-usage -MMD -MP -MF"Core/Src/main.d" -MT"Core/Src/main.o" --specs=nano.specs -mfloat-abi=soft -mthumb -o "Core/Src/main.o"
../Core/Src/main.c: In function 'uart_byte_available':
../Core/Src/main.c:77:3: warning: implicit declaration of function 'uart_process_command' [-Wimplicit-function-declaration]
   77 |   uart_process_command(data);
      |   ^~~~~~~~~~~~~~~~~~~~
../Core/Src/main.c: At top level:
../Core/Src/main.c:82:6: warning: conflicting types for 'uart_process_command'
   82 | void uart_process_command(char cmd[CMD_BUFFER_LEN])
      |      ^~~~~~~~~~~~~~~~~~~~
../Core/Src/main.c:77:3: note: previous implicit declaration of 'uart_process_command' was here
   77 |   uart_process_command(data);
      |   ^~~~~~~~~~~~~~~~~~~~
../Core/Src/main.c: In function 'main':
../Core/Src/main.c:148:3: error: 'n' undeclared (first use in this function)
  148 |   n = _write(file, CMD_BUFFER_LEN);
      |   ^
../Core/Src/main.c:148:3: note: each undeclared identifier is reported only once for each function it appears in
../Core/Src/main.c:148:14: error: 'file' undeclared (first use in this function); did you mean 'fileno'?
  148 |   n = _write(file, CMD_BUFFER_LEN);
      |              ^~~~
      |              fileno
../Core/Src/main.c:39:24: warning: passing argument 2 of '_write' makes pointer from integer without a cast [-Wint-conversion]
   39 | #define CMD_BUFFER_LEN 256
      |                        ^~~
      |                        |
      |                        int
../Core/Src/main.c:148:20: note: in expansion of macro 'CMD_BUFFER_LEN'
  148 |   n = _write(file, CMD_BUFFER_LEN);
      |                    ^~~~~~~~~~~~~~
../Core/Src/main.c:87:34: note: expected 'const char *' but argument is of type 'int'
   87 | int _write(int file, char const *buf, int n)
      |                      ~~~~~~~~~~~~^~~
../Core/Src/main.c:148:7: error: too few arguments to function '_write'
  148 |   n = _write(file, CMD_BUFFER_LEN);
      |       ^~~~~~
../Core/Src/main.c:87:5: note: declared here
   87 | int _write(int file, char const *buf, int n)
      |     ^~~~~~
make: *** [Core/Src/subdir.mk:34: Core/Src/main.o] Error 1
"make -j4 all" terminated with exit code 2. Build might be incomplete.
13:00:29 **** Incremental Build of configuration Debug for project cv05 ****
make -j4 all 
arm-none-eabi-gcc "../Core/Src/main.c" -mcpu=cortex-m0 -std=gnu11 -g3 -DDEBUG -DUSE_HAL_DRIVER -DSTM32F030x8 -c -I../Core/Inc -I../Drivers/STM32F0xx_HAL_Driver/Inc -I../Drivers/STM32F0xx_HAL_Driver/Inc/Legacy -I../Drivers/CMSIS/Device/ST/STM32F0xx/Include -I../Drivers/CMSIS/Include -O0 -ffunction-sections -fdata-sections -Wall -fstack-usage -MMD -MP -MF"Core/Src/main.d" -MT"Core/Src/main.o" --specs=nano.specs -mfloat-abi=soft -mthumb -o "Core/Src/main.o"
../Core/Src/main.c: In function 'uart_byte_available':
../Core/Src/main.c:77:3: warning: implicit declaration of function 'uart_process_command' [-Wimplicit-function-declaration]
   77 |   uart_process_command(data);
      |   ^~~~~~~~~~~~~~~~~~~~
../Core/Src/main.c: At top level:
../Core/Src/main.c:82:6: warning: conflicting types for 'uart_process_command'
   82 | void uart_process_command(char cmd[CMD_BUFFER_LEN])
      |      ^~~~~~~~~~~~~~~~~~~~
../Core/Src/main.c:77:3: note: previous implicit declaration of 'uart_process_command' was here
   77 |   uart_process_command(data);
      |   ^~~~~~~~~~~~~~~~~~~~
../Core/Src/main.c: In function 'main':
../Core/Src/main.c:148:3: error: too few arguments to function '_write'
  148 |   _write();
      |   ^~~~~~
../Core/Src/main.c:87:5: note: declared here
   87 | int _write(int file, char const *buf, int n)
      |     ^~~~~~
make: *** [Core/Src/subdir.mk:34: Core/Src/main.o] Error 1
"make -j4 all" terminated with exit code 2. Build might be incomplete.
13:00:33 **** Incremental Build of configuration Debug for project cv05 ****
make -j4 all 
arm-none-eabi-gcc "../Core/Src/main.c" -mcpu=cortex-m0 -std=gnu11 -g3 -DDEBUG -DUSE_HAL_DRIVER -DSTM32F030x8 -c -I../Core/Inc -I../Drivers/STM32F0xx_HAL_Driver/Inc -I../Drivers/STM32F0xx_HAL_Driver/Inc/Legacy -I../Drivers/CMSIS/Device/ST/STM32F0xx/Include -I../Drivers/CMSIS/Include -O0 -ffunction-sections -fdata-sections -Wall -fstack-usage -MMD -MP -MF"Core/Src/main.d" -MT"Core/Src/main.o" --specs=nano.specs -mfloat-abi=soft -mthumb -o "Core/Src/main.o"
../Core/Src/main.c: In function 'uart_byte_available':
../Core/Src/main.c:77:3: warning: implicit declaration of function 'uart_process_command' [-Wimplicit-function-declaration]
   77 |   uart_process_command(data);
      |   ^~~~~~~~~~~~~~~~~~~~
../Core/Src/main.c: At top level:
../Core/Src/main.c:82:6: warning: conflicting types for 'uart_process_command'
   82 | void uart_process_command(char cmd[CMD_BUFFER_LEN])
      |      ^~~~~~~~~~~~~~~~~~~~
../Core/Src/main.c:77:3: note: previous implicit declaration of 'uart_process_command' was here
   77 |   uart_process_command(data);
      |   ^~~~~~~~~~~~~~~~~~~~
arm-none-eabi-gcc -o "cv05.elf" @"objects.list"   -mcpu=cortex-m0 -T"C:\Temp\221056\5 25.10\cv05\STM32F030R8TX_FLASH.ld" --specs=nosys.specs -Wl,-Map="cv05.map" -Wl,--gc-sections -static --specs=nano.specs -mfloat-abi=soft -mthumb -Wl,--start-group -lc -lm -Wl,--end-group
Finished building target: cv05.elf
 
arm-none-eabi-size   cv05.elf 
arm-none-eabi-objdump -h -S  cv05.elf  > "cv05.list"
   text	   data	    bss	    dec	    hex	filename
  14424	    120	   2120	  16664	   4118	cv05.elf
Finished building: default.size.stdout
 
Finished building: cv05.list
 
13:00:39 **** Incremental Build of configuration Debug for project cv05 ****
make -j4 all 
arm-none-eabi-size   cv05.elf 
   text	   data	    bss	    dec	    hex	filename
  14424	    120	   2120	  16664	   4118	cv05.elf
Finished building: default.size.stdout
 
13:01:41 **** Incremental Build of configuration Debug for project cv05 ****
make -j4 all 
arm-none-eabi-gcc "../Core/Src/main.c" -mcpu=cortex-m0 -std=gnu11 -g3 -DDEBUG -DUSE_HAL_DRIVER -DSTM32F030x8 -c -I../Core/Inc -I../Drivers/STM32F0xx_HAL_Driver/Inc -I../Drivers/STM32F0xx_HAL_Driver/Inc/Legacy -I../Drivers/CMSIS/Device/ST/STM32F0xx/Include -I../Drivers/CMSIS/Include -O0 -ffunction-sections -fdata-sections -Wall -fstack-usage -MMD -MP -MF"Core/Src/main.d" -MT"Core/Src/main.o" --specs=nano.specs -mfloat-abi=soft -mthumb -o "Core/Src/main.o"
arm-none-eabi-gcc -o "cv05.elf" @"objects.list"   -mcpu=cortex-m0 -T"C:\Temp\221056\5 25.10\cv05\STM32F030R8TX_FLASH.ld" --specs=nosys.specs -Wl,-Map="cv05.map" -Wl,--gc-sections -static --specs=nano.specs -mfloat-abi=soft -mthumb -Wl,--start-group -lc -lm -Wl,--end-group
Finished building target: cv05.elf
 
arm-none-eabi-size   cv05.elf 
arm-none-eabi-objdump -h -S  cv05.elf  > "cv05.list"
   text	   data	    bss	    dec	    hex	filename
  14424	    120	   2120	  16664	   4118	cv05.elf
Finished building: default.size.stdout
 
Finished building: cv05.list
 
13:01:47 **** Incremental Build of configuration Debug for project cv05 ****
make -j4 all 
arm-none-eabi-size   cv05.elf 
   text	   data	    bss	    dec	    hex	filename
  14424	    120	   2120	  16664	   4118	cv05.elf
Finished building: default.size.stdout
 
